<?xml version="1.0" encoding="UTF-8"?>
<!-- Generated by org.testng.reporters.JUnitReportReporter -->
<testsuite hostname="Vijaya" failures="1" tests="1" name="testspack.MakeMyTripHomePage" time="19.058" errors="0" timestamp="23 Apr 2019 03:08:19 GMT">
  <testcase classname="testspack.MakeMyTripHomePage" name="validatePageTitle" time="19.058">
    <failure type="java.lang.StackOverflowError">
      <![CDATA[java.lang.StackOverflowError
	at testspack.MakeMyTripHomePage.validatePageTitle(MakeMyTripHomePage.java:13)
	at testspack.MakeMyTripHomePage.validatePageTitle(MakeMyTripHomePage.java:13)
	at testspack.MakeMyTripHomePage.validatePageTitle(MakeMyTripHomePage.java:13)
	at testspack.MakeMyTripHomePage.validatePageTitle(MakeMyTripHomePage.java:13)
	at testspack.MakeMyTripHomePage.validatePageTitle(MakeMyTripHomePage.java:13)
	at testspack.MakeMyTripHomePage.validatePageTitle(MakeMyTripHomePage.java:13)
	at testspack.MakeMyTripHomePage.validatePageTitle(MakeMyTripHomePage.java:13)
	at testspack.MakeMyTripHomePage.validatePageTitle(MakeMyTripHomePage.java:13)
	at testspack.MakeMyTripHomePage.validatePageTitle(MakeMyTripHomePage.java:13)
	at testspack.MakeMyTripHomePage.validatePageTitle(MakeMyTripHomePage.java:13)
	at testspack.MakeMyTripHomePage.validatePageTitle(MakeMyTripHomePage.java:13)
	at testspack.MakeMyTripHomePage.validatePageTitle(MakeMyTripHomePage.java:13)
	at testspack.MakeMyTripHomePage.validatePageTitle(MakeMyTripHomePage.java:13)
	at testspack.MakeMyTripHomePage.validatePageTitle(MakeMyTripHomePage.java:13)
	at testspack.MakeMyTripHomePage.validatePageTitle(MakeMyTripHomePage.java:13)
	at testspack.MakeMyTripHomePage.validatePageTitle(MakeMyTripHomePage.java:13)
	at testspack.MakeMyTripHomePage.validatePageTitle(MakeMyTripHomePage.java:13)
	at testspack.MakeMyTripHomePage.validatePageTitle(MakeMyTripHomePage.java:13)
	at testspack.MakeMyTripHomePage.validatePageTitle(MakeMyTripHomePage.java:13)
	at testspack.MakeMyTripHomePage.validatePageTitle(MakeMyTripHomePage.java:13)
	at testspack.MakeMyTripHomePage.validatePageTitle(MakeMyTripHomePage.java:13)
	at testspack.MakeMyTripHomePage.validatePageTitle(MakeMyTripHomePage.java:13)
	at testspack.MakeMyTripHomePage.validatePageTitle(MakeMyTripHomePage.java:13)
	at testspack.MakeMyTripHomePage.validatePageTitle(MakeMyTripHomePage.java:13)
	at testspack.MakeMyTripHomePage.validatePageTitle(MakeMyTripHomePage.java:13)
	at testspack.MakeMyTripHomePage.validatePageTitle(MakeMyTripHomePage.java:13)
	at testspack.MakeMyTripHomePage.validatePageTitle(MakeMyTripHomePage.java:13)
	at testspack.MakeMyTripHomePage.validatePageTitle(MakeMyTripHomePage.java:13)
	at testspack.MakeMyTripHomePage.validatePageTitle(MakeMyTripHomePage.java:13)
	at testspack.MakeMyTripHomePage.validatePageTitle(MakeMyTripHomePage.java:13)
	at testspack.MakeMyTripHomePage.validatePageTitle(MakeMyTripHomePage.java:13)
	at testspack.MakeMyTripHomePage.validatePageTitle(MakeMyTripHomePage.java:13)
	at testspack.MakeMyTripHomePage.validatePageTitle(MakeMyTripHomePage.java:13)
	at testspack.MakeMyTripHomePage.validatePageTitle(MakeMyTripHomePage.java:13)
	at testspack.MakeMyTripHomePage.validatePageTitle(MakeMyTripHomePage.java:13)
	at testspack.MakeMyTripHomePage.validatePageTitle(MakeMyTripHomePage.java:13)
	at testspack.MakeMyTripHomePage.validatePageTitle(MakeMyTripHomePage.java:13)
	at testspack.MakeMyTripHomePage.validatePageTitle(MakeMyTripHomePage.java:13)
	at testspack.MakeMyTripHomePage.validatePageTitle(MakeMyTripHomePage.java:13)
	at testspack.MakeMyTripHomePage.validatePageTitle(MakeMyTripHomePage.java:13)
	at testspack.MakeMyTripHomePage.validatePageTitle(MakeMyTripHomePage.java:13)
	at testspack.MakeMyTripHomePage.validatePageTitle(MakeMyTripHomePage.java:13)
	at testspack.MakeMyTripHomePage.validatePageTitle(MakeMyTripHomePage.java:13)
	at testspack.MakeMyTripHomePage.validatePageTitle(MakeMyTripHomePage.java:13)
	at testspack.MakeMyTripHomePage.validatePageTitle(MakeMyTripHomePage.java:13)
	at testspack.MakeMyTripHomePage.validatePageTitle(MakeMyTripHomePage.java:13)
	at testspack.MakeMyTripHomePage.validatePageTitle(MakeMyTripHomePage.java:13)
	at testspack.MakeMyTripHomePage.validatePageTitle(MakeMyTripHomePage.java:13)
	at testspack.MakeMyTripHomePage.validatePageTitle(MakeMyTripHomePage.java:13)
	at testspack.MakeMyTripHomePage.validatePageTitle(MakeMyTripHomePage.java:13)
	at testspack.MakeMyTripHomePage.validatePageTitle(MakeMyTripHomePage.java:13)
	at testspack.MakeMyTripHomePage.validatePageTitle(MakeMyTripHomePage.java:13)
	at testspack.MakeMyTripHomePage.validatePageTitle(MakeMyTripHomePage.java:13)
	at testspack.MakeMyTripHomePage.validatePageTitle(MakeMyTripHomePage.java:13)
	at testspack.MakeMyTripHomePage.validatePageTitle(MakeMyTripHomePage.java:13)
	at testspack.MakeMyTripHomePage.validatePageTitle(MakeMyTripHomePage.java:13)
	at testspack.MakeMyTripHomePage.validatePageTitle(MakeMyTripHomePage.java:13)
	at testspack.MakeMyTripHomePage.validatePageTitle(MakeMyTripHomePage.java:13)
	at testspack.MakeMyTripHomePage.validatePageTitle(MakeMyTripHomePage.java:13)
	at testspack.MakeMyTripHomePage.validatePageTitle(MakeMyTripHomePage.java:13)
	at testspack.MakeMyTripHomePage.validatePageTitle(MakeMyTripHomePage.java:13)
	at testspack.MakeMyTripHomePage.validatePageTitle(MakeMyTripHomePage.java:13)
	at testspack.MakeMyTripHomePage.validatePageTitle(MakeMyTripHomePage.java:13)
	at testspack.MakeMyTripHomePage.validatePageTitle(MakeMyTripHomePage.java:13)
	at testspack.MakeMyTripHomePage.validatePageTitle(MakeMyTripHomePage.java:13)
	at testspack.MakeMyTripHomePage.validatePageTitle(MakeMyTripHomePage.java:13)
	at testspack.MakeMyTripHomePage.validatePageTitle(MakeMyTripHomePage.java:13)
	at testspack.MakeMyTripHomePage.validatePageTitle(MakeMyTripHomePage.java:13)
	at testspack.MakeMyTripHomePage.validatePageTitle(MakeMyTripHomePage.java:13)
	at testspack.MakeMyTripHomePage.validatePageTitle(MakeMyTripHomePage.java:13)
	at testspack.MakeMyTripHomePage.validatePageTitle(MakeMyTripHomePage.java:13)
	at testspack.MakeMyTripHomePage.validatePageTitle(MakeMyTripHomePage.java:13)
	at testspack.MakeMyTripHomePage.validatePageTitle(MakeMyTripHomePage.java:13)
	at testspack.MakeMyTripHomePage.validatePageTitle(MakeMyTripHomePage.java:13)
	at testspack.MakeMyTripHomePage.validatePageTitle(MakeMyTripHomePage.java:13)
	at testspack.MakeMyTripHomePage.validatePageTitle(MakeMyTripHomePage.java:13)
	at testspack.MakeMyTripHomePage.validatePageTitle(MakeMyTripHomePage.java:13)
	at testspack.MakeMyTripHomePage.validatePageTitle(MakeMyTripHomePage.java:13)
	at testspack.MakeMyTripHomePage.validatePageTitle(MakeMyTripHomePage.java:13)
	at testspack.MakeMyTripHomePage.validatePageTitle(MakeMyTripHomePage.java:13)
	at testspack.MakeMyTripHomePage.validatePageTitle(MakeMyTripHomePage.java:13)
	at testspack.MakeMyTripHomePage.validatePageTitle(MakeMyTripHomePage.java:13)
	at testspack.MakeMyTripHomePage.validatePageTitle(MakeMyTripHomePage.java:13)
	at testspack.MakeMyTripHomePage.validatePageTitle(MakeMyTripHomePage.java:13)
	at testspack.MakeMyTripHomePage.validatePageTitle(MakeMyTripHomePage.java:13)
	at testspack.MakeMyTripHomePage.validatePageTitle(MakeMyTripHomePage.java:13)
	at testspack.MakeMyTripHomePage.validatePageTitle(MakeMyTripHomePage.java:13)
	at testspack.MakeMyTripHomePage.validatePageTitle(MakeMyTripHomePage.java:13)
	at testspack.MakeMyTripHomePage.validatePageTitle(MakeMyTripHomePage.java:13)
	at testspack.MakeMyTripHomePage.validatePageTitle(MakeMyTripHomePage.java:13)
	at testspack.MakeMyTripHomePage.validatePageTitle(MakeMyTripHomePage.java:13)
	at testspack.MakeMyTripHomePage.validatePageTitle(MakeMyTripHomePage.java:13)
	at testspack.MakeMyTripHomePage.validatePageTitle(MakeMyTripHomePage.java:13)
	at testspack.MakeMyTripHomePage.validatePageTitle(MakeMyTripHomePage.java:13)
	at testspack.MakeMyTripHomePage.validatePageTitle(MakeMyTripHomePage.java:13)
	at testspack.MakeMyTripHomePage.validatePageTitle(MakeMyTripHomePage.java:13)
	at testspack.MakeMyTripHomePage.validatePageTitle(MakeMyTripHomePage.java:13)
	at testspack.MakeMyTripHomePage.validatePageTitle(MakeMyTripHomePage.java:13)
	at testspack.MakeMyTripHomePage.validatePageTitle(MakeMyTripHomePage.java:13)
	at testspack.MakeMyTripHomePage.validatePageTitle(MakeMyTripHomePage.java:13)
	at testspack.MakeMyTripHomePage.validatePageTitle(MakeMyTripHomePage.java:13)
	at testspack.MakeMyTripHomePage.validatePageTitle(MakeMyTripHomePage.java:13)
	at testspack.MakeMyTripHomePage.validatePageTitle(MakeMyTripHomePage.java:13)
	at testspack.MakeMyTripHomePage.validatePageTitle(MakeMyTripHomePage.java:13)
	at testspack.MakeMyTripHomePage.validatePageTitle(MakeMyTripHomePage.java:13)
	at testspack.MakeMyTripHomePage.validatePageTitle(MakeMyTripHomePage.java:13)
	at testspack.MakeMyTripHomePage.validatePageTitle(MakeMyTripHomePage.java:13)
	at testspack.MakeMyTripHomePage.validatePageTitle(MakeMyTripHomePage.java:13)
	at testspack.MakeMyTripHomePage.validatePageTitle(MakeMyTripHomePage.java:13)
	at testspack.MakeMyTripHomePage.validatePageTitle(MakeMyTripHomePage.java:13)
	at testspack.MakeMyTripHomePage.validatePageTitle(MakeMyTripHomePage.java:13)
	at testspack.MakeMyTripHomePage.validatePageTitle(MakeMyTripHomePage.java:13)
	at testspack.MakeMyTripHomePage.validatePageTitle(MakeMyTripHomePage.java:13)
	at testspack.MakeMyTripHomePage.validatePageTitle(MakeMyTripHomePage.java:13)
	at testspack.MakeMyTripHomePage.validatePageTitle(MakeMyTripHomePage.java:13)
	at testspack.MakeMyTripHomePage.validatePageTitle(MakeMyTripHomePage.java:13)
	at testspack.MakeMyTripHomePage.validatePageTitle(MakeMyTripHomePage.java:13)
	at testspack.MakeMyTripHomePage.validatePageTitle(MakeMyTripHomePage.java:13)
	at testspack.MakeMyTripHomePage.validatePageTitle(MakeMyTripHomePage.java:13)
	at testspack.MakeMyTripHomePage.validatePageTitle(MakeMyTripHomePage.java:13)
	at testspack.MakeMyTripHomePage.validatePageTitle(MakeMyTripHomePage.java:13)
	at testspack.MakeMyTripHomePage.validatePageTitle(MakeMyTripHomePage.java:13)
	at testspack.MakeMyTripHomePage.validatePageTitle(MakeMyTripHomePage.java:13)
	at testspack.MakeMyTripHomePage.validatePageTitle(MakeMyTripHomePage.java:13)
	at testspack.MakeMyTripHomePage.validatePageTitle(MakeMyTripHomePage.java:13)
	at testspack.MakeMyTripHomePage.validatePageTitle(MakeMyTripHomePage.java:13)
	at testspack.MakeMyTripHomePage.validatePageTitle(MakeMyTripHomePage.java:13)
	at testspack.MakeMyTripHomePage.validatePageTitle(MakeMyTripHomePage.java:13)
	at testspack.MakeMyTripHomePage.validatePageTitle(MakeMyTripHomePage.java:13)
	at testspack.MakeMyTripHomePage.validatePageTitle(MakeMyTripHomePage.java:13)
	at testspack.MakeMyTripHomePage.validatePageTitle(MakeMyTripHomePage.java:13)
	at testspack.MakeMyTripHomePage.validatePageTitle(MakeMyTripHomePage.java:13)
	at testspack.MakeMyTripHomePage.validatePageTitle(MakeMyTripHomePage.java:13)
	at testspack.MakeMyTripHomePage.validatePageTitle(MakeMyTripHomePage.java:13)
	at testspack.MakeMyTripHomePage.validatePageTitle(MakeMyTripHomePage.java:13)
	at testspack.MakeMyTripHomePage.validatePageTitle(MakeMyTripHomePage.java:13)
	at testspack.MakeMyTripHomePage.validatePageTitle(MakeMyTripHomePage.java:13)
	at testspack.MakeMyTripHomePage.validatePageTitle(MakeMyTripHomePage.java:13)
	at testspack.MakeMyTripHomePage.validatePageTitle(MakeMyTripHomePage.java:13)
	at testspack.MakeMyTripHomePage.validatePageTitle(MakeMyTripHomePage.java:13)
	at testspack.MakeMyTripHomePage.validatePageTitle(MakeMyTripHomePage.java:13)
	at testspack.MakeMyTripHomePage.validatePageTitle(MakeMyTripHomePage.java:13)
	at testspack.MakeMyTripHomePage.validatePageTitle(MakeMyTripHomePage.java:13)
	at testspack.MakeMyTripHomePage.validatePageTitle(MakeMyTripHomePage.java:13)
	at testspack.MakeMyTripHomePage.validatePageTitle(MakeMyTripHomePage.java:13)
	at testspack.MakeMyTripHomePage.validatePageTitle(MakeMyTripHomePage.java:13)
	at testspack.MakeMyTripHomePage.validatePageTitle(MakeMyTripHomePage.java:13)
	at testspack.MakeMyTripHomePage.validatePageTitle(MakeMyTripHomePage.java:13)
	at testspack.MakeMyTripHomePage.validatePageTitle(MakeMyTripHomePage.java:13)
	at testspack.MakeMyTripHomePage.validatePageTitle(MakeMyTripHomePage.java:13)
	at testspack.MakeMyTripHomePage.validatePageTitle(MakeMyTripHomePage.java:13)
	at testspack.MakeMyTripHomePage.validatePageTitle(MakeMyTripHomePage.java:13)
	at testspack.MakeMyTripHomePage.validatePageTitle(MakeMyTripHomePage.java:13)
	at testspack.MakeMyTripHomePage.validatePageTitle(MakeMyTripHomePage.java:13)
	at testspack.MakeMyTripHomePage.validatePageTitle(MakeMyTripHomePage.java:13)
	at testspack.MakeMyTripHomePage.validatePageTitle(MakeMyTripHomePage.java:13)
	at testspack.MakeMyTripHomePage.validatePageTitle(MakeMyTripHomePage.java:13)
	at testspack.MakeMyTripHomePage.validatePageTitle(MakeMyTripHomePage.java:13)
	at testspack.MakeMyTripHomePage.validatePageTitle(MakeMyTripHomePage.java:13)
	at testspack.MakeMyTripHomePage.validatePageTitle(MakeMyTripHomePage.java:13)
	at testspack.MakeMyTripHomePage.validatePageTitle(MakeMyTripHomePage.java:13)
	at testspack.MakeMyTripHomePage.validatePageTitle(MakeMyTripHomePage.java:13)
	at testspack.MakeMyTripHomePage.validatePageTitle(MakeMyTripHomePage.java:13)
	at testspack.MakeMyTripHomePage.validatePageTitle(MakeMyTripHomePage.java:13)
	at testspack.MakeMyTripHomePage.validatePageTitle(MakeMyTripHomePage.java:13)
	at testspack.MakeMyTripHomePage.validatePageTitle(MakeMyTripHomePage.java:13)
	at testspack.MakeMyTripHomePage.validatePageTitle(MakeMyTripHomePage.java:13)
	at testspack.MakeMyTripHomePage.validatePageTitle(MakeMyTripHomePage.java:13)
	at testspack.MakeMyTripHomePage.validatePageTitle(MakeMyTripHomePage.java:13)
	at testspack.MakeMyTripHomePage.validatePageTitle(MakeMyTripHomePage.java:13)
	at testspack.MakeMyTripHomePage.validatePageTitle(MakeMyTripHomePage.java:13)
	at testspack.MakeMyTripHomePage.validatePageTitle(MakeMyTripHomePage.java:13)
	at testspack.MakeMyTripHomePage.validatePageTitle(MakeMyTripHomePage.java:13)
	at testspack.MakeMyTripHomePage.validatePageTitle(MakeMyTripHomePage.java:13)
	at testspack.MakeMyTripHomePage.validatePageTitle(MakeMyTripHomePage.java:13)
	at testspack.MakeMyTripHomePage.validatePageTitle(MakeMyTripHomePage.java:13)
	at testspack.MakeMyTripHomePage.validatePageTitle(MakeMyTripHomePage.java:13)
	at testspack.MakeMyTripHomePage.validatePageTitle(MakeMyTripHomePage.java:13)
	at testspack.MakeMyTripHomePage.validatePageTitle(MakeMyTripHomePage.java:13)
	at testspack.MakeMyTripHomePage.validatePageTitle(MakeMyTripHomePage.java:13)
	at testspack.MakeMyTripHomePage.validatePageTitle(MakeMyTripHomePage.java:13)
	at testspack.MakeMyTripHomePage.validatePageTitle(MakeMyTripHomePage.java:13)
	at testspack.MakeMyTripHomePage.validatePageTitle(MakeMyTripHomePage.java:13)
	at testspack.MakeMyTripHomePage.validatePageTitle(MakeMyTripHomePage.java:13)
	at testspack.MakeMyTripHomePage.validatePageTitle(MakeMyTripHomePage.java:13)
	at testspack.MakeMyTripHomePage.validatePageTitle(MakeMyTripHomePage.java:13)
	at testspack.MakeMyTripHomePage.validatePageTitle(MakeMyTripHomePage.java:13)
	at testspack.MakeMyTripHomePage.validatePageTitle(MakeMyTripHomePage.java:13)
	at testspack.MakeMyTripHomePage.validatePageTitle(MakeMyTripHomePage.java:13)
	at testspack.MakeMyTripHomePage.validatePageTitle(MakeMyTripHomePage.java:13)
	at testspack.MakeMyTripHomePage.validatePageTitle(MakeMyTripHomePage.java:13)
	at testspack.MakeMyTripHomePage.validatePageTitle(MakeMyTripHomePage.java:13)
	at testspack.MakeMyTripHomePage.validatePageTitle(MakeMyTripHomePage.java:13)
	at testspack.MakeMyTripHomePage.validatePageTitle(MakeMyTripHomePage.java:13)
	at testspack.MakeMyTripHomePage.validatePageTitle(MakeMyTripHomePage.java:13)
	at testspack.MakeMyTripHomePage.validatePageTitle(MakeMyTripHomePage.java:13)
	at testspack.MakeMyTripHomePage.validatePageTitle(MakeMyTripHomePage.java:13)
	at testspack.MakeMyTripHomePage.validatePageTitle(MakeMyTripHomePage.java:13)
	at testspack.MakeMyTripHomePage.validatePageTitle(MakeMyTripHomePage.java:13)
	at testspack.MakeMyTripHomePage.validatePageTitle(MakeMyTripHomePage.java:13)
	at testspack.MakeMyTripHomePage.validatePageTitle(MakeMyTripHomePage.java:13)
	at testspack.MakeMyTripHomePage.validatePageTitle(MakeMyTripHomePage.java:13)
	at testspack.MakeMyTripHomePage.validatePageTitle(MakeMyTripHomePage.java:13)
	at testspack.MakeMyTripHomePage.validatePageTitle(MakeMyTripHomePage.java:13)
	at testspack.MakeMyTripHomePage.validatePageTitle(MakeMyTripHomePage.java:13)
	at testspack.MakeMyTripHomePage.validatePageTitle(MakeMyTripHomePage.java:13)
	at testspack.MakeMyTripHomePage.validatePageTitle(MakeMyTripHomePage.java:13)
	at testspack.MakeMyTripHomePage.validatePageTitle(MakeMyTripHomePage.java:13)
	at testspack.MakeMyTripHomePage.validatePageTitle(MakeMyTripHomePage.java:13)
	at testspack.MakeMyTripHomePage.validatePageTitle(MakeMyTripHomePage.java:13)
	at testspack.MakeMyTripHomePage.validatePageTitle(MakeMyTripHomePage.java:13)
	at testspack.MakeMyTripHomePage.validatePageTitle(MakeMyTripHomePage.java:13)
	at testspack.MakeMyTripHomePage.validatePageTitle(MakeMyTripHomePage.java:13)
	at testspack.MakeMyTripHomePage.validatePageTitle(MakeMyTripHomePage.java:13)
	at testspack.MakeMyTripHomePage.validatePageTitle(MakeMyTripHomePage.java:13)
	at testspack.MakeMyTripHomePage.validatePageTitle(MakeMyTripHomePage.java:13)
	at testspack.MakeMyTripHomePage.validatePageTitle(MakeMyTripHomePage.java:13)
	at testspack.MakeMyTripHomePage.validatePageTitle(MakeMyTripHomePage.java:13)
	at testspack.MakeMyTripHomePage.validatePageTitle(MakeMyTripHomePage.java:13)
	at testspack.MakeMyTripHomePage.validatePageTitle(MakeMyTripHomePage.java:13)
	at testspack.MakeMyTripHomePage.validatePageTitle(MakeMyTripHomePage.java:13)
	at testspack.MakeMyTripHomePage.validatePageTitle(MakeMyTripHomePage.java:13)
	at testspack.MakeMyTripHomePage.validatePageTitle(MakeMyTripHomePage.java:13)
	at testspack.MakeMyTripHomePage.validatePageTitle(MakeMyTripHomePage.java:13)
	at testspack.MakeMyTripHomePage.validatePageTitle(MakeMyTripHomePage.java:13)
	at testspack.MakeMyTripHomePage.validatePageTitle(MakeMyTripHomePage.java:13)
	at testspack.MakeMyTripHomePage.validatePageTitle(MakeMyTripHomePage.java:13)
	at testspack.MakeMyTripHomePage.validatePageTitle(MakeMyTripHomePage.java:13)
	at testspack.MakeMyTripHomePage.validatePageTitle(MakeMyTripHomePage.java:13)
	at testspack.MakeMyTripHomePage.validatePageTitle(MakeMyTripHomePage.java:13)
	at testspack.MakeMyTripHomePage.validatePageTitle(MakeMyTripHomePage.java:13)
	at testspack.MakeMyTripHomePage.validatePageTitle(MakeMyTripHomePage.java:13)
	at testspack.MakeMyTripHomePage.validatePageTitle(MakeMyTripHomePage.java:13)
	at testspack.MakeMyTripHomePage.validatePageTitle(MakeMyTripHomePage.java:13)
	at testspack.MakeMyTripHomePage.validatePageTitle(MakeMyTripHomePage.java:13)
	at testspack.MakeMyTripHomePage.validatePageTitle(MakeMyTripHomePage.java:13)
	at testspack.MakeMyTripHomePage.validatePageTitle(MakeMyTripHomePage.java:13)
	at testspack.MakeMyTripHomePage.validatePageTitle(MakeMyTripHomePage.java:13)
	at testspack.MakeMyTripHomePage.validatePageTitle(MakeMyTripHomePage.java:13)
	at testspack.MakeMyTripHomePage.validatePageTitle(MakeMyTripHomePage.java:13)
	at testspack.MakeMyTripHomePage.validatePageTitle(MakeMyTripHomePage.java:13)
	at testspack.MakeMyTripHomePage.validatePageTitle(MakeMyTripHomePage.java:13)
	at testspack.MakeMyTripHomePage.validatePageTitle(MakeMyTripHomePage.java:13)
	at testspack.MakeMyTripHomePage.validatePageTitle(MakeMyTripHomePage.java:13)
	at testspack.MakeMyTripHomePage.validatePageTitle(MakeMyTripHomePage.java:13)
	at testspack.MakeMyTripHomePage.validatePageTitle(MakeMyTripHomePage.java:13)
	at testspack.MakeMyTripHomePage.validatePageTitle(MakeMyTripHomePage.java:13)
	at testspack.MakeMyTripHomePage.validatePageTitle(MakeMyTripHomePage.java:13)
	at testspack.MakeMyTripHomePage.validatePageTitle(MakeMyTripHomePage.java:13)
	at testspack.MakeMyTripHomePage.validatePageTitle(MakeMyTripHomePage.java:13)
	at testspack.MakeMyTripHomePage.validatePageTitle(MakeMyTripHomePage.java:13)
	at testspack.MakeMyTripHomePage.validatePageTitle(MakeMyTripHomePage.java:13)
	at testspack.MakeMyTripHomePage.validatePageTitle(MakeMyTripHomePage.java:13)
	at testspack.MakeMyTripHomePage.validatePageTitle(MakeMyTripHomePage.java:13)
	at testspack.MakeMyTripHomePage.validatePageTitle(MakeMyTripHomePage.java:13)
	at testspack.MakeMyTripHomePage.validatePageTitle(MakeMyTripHomePage.java:13)
	at testspack.MakeMyTripHomePage.validatePageTitle(MakeMyTripHomePage.java:13)
	at testspack.MakeMyTripHomePage.validatePageTitle(MakeMyTripHomePage.java:13)
	at testspack.MakeMyTripHomePage.validatePageTitle(MakeMyTripHomePage.java:13)
	at testspack.MakeMyTripHomePage.validatePageTitle(MakeMyTripHomePage.java:13)
	at testspack.MakeMyTripHomePage.validatePageTitle(MakeMyTripHomePage.java:13)
	at testspack.MakeMyTripHomePage.validatePageTitle(MakeMyTripHomePage.java:13)
	at testspack.MakeMyTripHomePage.validatePageTitle(MakeMyTripHomePage.java:13)
	at testspack.MakeMyTripHomePage.validatePageTitle(MakeMyTripHomePage.java:13)
	at testspack.MakeMyTripHomePage.validatePageTitle(MakeMyTripHomePage.java:13)
	at testspack.MakeMyTripHomePage.validatePageTitle(MakeMyTripHomePage.java:13)
	at testspack.MakeMyTripHomePage.validatePageTitle(MakeMyTripHomePage.java:13)
	at testspack.MakeMyTripHomePage.validatePageTitle(MakeMyTripHomePage.java:13)
	at testspack.MakeMyTripHomePage.validatePageTitle(MakeMyTripHomePage.java:13)
	at testspack.MakeMyTripHomePage.validatePageTitle(MakeMyTripHomePage.java:13)
	at testspack.MakeMyTripHomePage.validatePageTitle(MakeMyTripHomePage.java:13)
	at testspack.MakeMyTripHomePage.validatePageTitle(MakeMyTripHomePage.java:13)
	at testspack.MakeMyTripHomePage.validatePageTitle(MakeMyTripHomePage.java:13)
	at testspack.MakeMyTripHomePage.validatePageTitle(MakeMyTripHomePage.java:13)
	at testspack.MakeMyTripHomePage.validatePageTitle(MakeMyTripHomePage.java:13)
	at testspack.MakeMyTripHomePage.validatePageTitle(MakeMyTripHomePage.java:13)
	at testspack.MakeMyTripHomePage.validatePageTitle(MakeMyTripHomePage.java:13)
	at testspack.MakeMyTripHomePage.validatePageTitle(MakeMyTripHomePage.java:13)
	at testspack.MakeMyTripHomePage.validatePageTitle(MakeMyTripHomePage.java:13)
	at testspack.MakeMyTripHomePage.validatePageTitle(MakeMyTripHomePage.java:13)
	at testspack.MakeMyTripHomePage.validatePageTitle(MakeMyTripHomePage.java:13)
	at testspack.MakeMyTripHomePage.validatePageTitle(MakeMyTripHomePage.java:13)
	at testspack.MakeMyTripHomePage.validatePageTitle(MakeMyTripHomePage.java:13)
	at testspack.MakeMyTripHomePage.validatePageTitle(MakeMyTripHomePage.java:13)
	at testspack.MakeMyTripHomePage.validatePageTitle(MakeMyTripHomePage.java:13)
	at testspack.MakeMyTripHomePage.validatePageTitle(MakeMyTripHomePage.java:13)
	at testspack.MakeMyTripHomePage.validatePageTitle(MakeMyTripHomePage.java:13)
	at testspack.MakeMyTripHomePage.validatePageTitle(MakeMyTripHomePage.java:13)
	at testspack.MakeMyTripHomePage.validatePageTitle(MakeMyTripHomePage.java:13)
	at testspack.MakeMyTripHomePage.validatePageTitle(MakeMyTripHomePage.java:13)
	at testspack.MakeMyTripHomePage.validatePageTitle(MakeMyTripHomePage.java:13)
	at testspack.MakeMyTripHomePage.validatePageTitle(MakeMyTripHomePage.java:13)
	at testspack.MakeMyTripHomePage.validatePageTitle(MakeMyTripHomePage.java:13)
	at testspack.MakeMyTripHomePage.validatePageTitle(MakeMyTripHomePage.java:13)
	at testspack.MakeMyTripHomePage.validatePageTitle(MakeMyTripHomePage.java:13)
	at testspack.MakeMyTripHomePage.validatePageTitle(MakeMyTripHomePage.java:13)
	at testspack.MakeMyTripHomePage.validatePageTitle(MakeMyTripHomePage.java:13)
	at testspack.MakeMyTripHomePage.validatePageTitle(MakeMyTripHomePage.java:13)
	at testspack.MakeMyTripHomePage.validatePageTitle(MakeMyTripHomePage.java:13)
	at testspack.MakeMyTripHomePage.validatePageTitle(MakeMyTripHomePage.java:13)
	at testspack.MakeMyTripHomePage.validatePageTitle(MakeMyTripHomePage.java:13)
	at testspack.MakeMyTripHomePage.validatePageTitle(MakeMyTripHomePage.java:13)
	at testspack.MakeMyTripHomePage.validatePageTitle(MakeMyTripHomePage.java:13)
	at testspack.MakeMyTripHomePage.validatePageTitle(MakeMyTripHomePage.java:13)
	at testspack.MakeMyTripHomePage.validatePageTitle(MakeMyTripHomePage.java:13)
	at testspack.MakeMyTripHomePage.validatePageTitle(MakeMyTripHomePage.java:13)
	at testspack.MakeMyTripHomePage.validatePageTitle(MakeMyTripHomePage.java:13)
	at testspack.MakeMyTripHomePage.validatePageTitle(MakeMyTripHomePage.java:13)
	at testspack.MakeMyTripHomePage.validatePageTitle(MakeMyTripHomePage.java:13)
	at testspack.MakeMyTripHomePage.validatePageTitle(MakeMyTripHomePage.java:13)
	at testspack.MakeMyTripHomePage.validatePageTitle(MakeMyTripHomePage.java:13)
	at testspack.MakeMyTripHomePage.validatePageTitle(MakeMyTripHomePage.java:13)
	at testspack.MakeMyTripHomePage.validatePageTitle(MakeMyTripHomePage.java:13)
	at testspack.MakeMyTripHomePage.validatePageTitle(MakeMyTripHomePage.java:13)
	at testspack.MakeMyTripHomePage.validatePageTitle(MakeMyTripHomePage.java:13)
	at testspack.MakeMyTripHomePage.validatePageTitle(MakeMyTripHomePage.java:13)
	at testspack.MakeMyTripHomePage.validatePageTitle(MakeMyTripHomePage.java:13)
	at testspack.MakeMyTripHomePage.validatePageTitle(MakeMyTripHomePage.java:13)
	at testspack.MakeMyTripHomePage.validatePageTitle(MakeMyTripHomePage.java:13)
	at testspack.MakeMyTripHomePage.validatePageTitle(MakeMyTripHomePage.java:13)
	at testspack.MakeMyTripHomePage.validatePageTitle(MakeMyTripHomePage.java:13)
	at testspack.MakeMyTripHomePage.validatePageTitle(MakeMyTripHomePage.java:13)
	at testspack.MakeMyTripHomePage.validatePageTitle(MakeMyTripHomePage.java:13)
	at testspack.MakeMyTripHomePage.validatePageTitle(MakeMyTripHomePage.java:13)
	at testspack.MakeMyTripHomePage.validatePageTitle(MakeMyTripHomePage.java:13)
	at testspack.MakeMyTripHomePage.validatePageTitle(MakeMyTripHomePage.java:13)
	at testspack.MakeMyTripHomePage.validatePageTitle(MakeMyTripHomePage.java:13)
	at testspack.MakeMyTripHomePage.validatePageTitle(MakeMyTripHomePage.java:13)
	at testspack.MakeMyTripHomePage.validatePageTitle(MakeMyTripHomePage.java:13)
	at testspack.MakeMyTripHomePage.validatePageTitle(MakeMyTripHomePage.java:13)
	at testspack.MakeMyTripHomePage.validatePageTitle(MakeMyTripHomePage.java:13)
	at testspack.MakeMyTripHomePage.validatePageTitle(MakeMyTripHomePage.java:13)
	at testspack.MakeMyTripHomePage.validatePageTitle(MakeMyTripHomePage.java:13)
	at testspack.MakeMyTripHomePage.validatePageTitle(MakeMyTripHomePage.java:13)
	at testspack.MakeMyTripHomePage.validatePageTitle(MakeMyTripHomePage.java:13)
	at testspack.MakeMyTripHomePage.validatePageTitle(MakeMyTripHomePage.java:13)
	at testspack.MakeMyTripHomePage.validatePageTitle(MakeMyTripHomePage.java:13)
	at testspack.MakeMyTripHomePage.validatePageTitle(MakeMyTripHomePage.java:13)
	at testspack.MakeMyTripHomePage.validatePageTitle(MakeMyTripHomePage.java:13)
	at testspack.MakeMyTripHomePage.validatePageTitle(MakeMyTripHomePage.java:13)
	at testspack.MakeMyTripHomePage.validatePageTitle(MakeMyTripHomePage.java:13)
	at testspack.MakeMyTripHomePage.validatePageTitle(MakeMyTripHomePage.java:13)
	at testspack.MakeMyTripHomePage.validatePageTitle(MakeMyTripHomePage.java:13)
	at testspack.MakeMyTripHomePage.validatePageTitle(MakeMyTripHomePage.java:13)
	at testspack.MakeMyTripHomePage.validatePageTitle(MakeMyTripHomePage.java:13)
	at testspack.MakeMyTripHomePage.validatePageTitle(MakeMyTripHomePage.java:13)
	at testspack.MakeMyTripHomePage.validatePageTitle(MakeMyTripHomePage.java:13)
	at testspack.MakeMyTripHomePage.validatePageTitle(MakeMyTripHomePage.java:13)
	at testspack.MakeMyTripHomePage.validatePageTitle(MakeMyTripHomePage.java:13)
	at testspack.MakeMyTripHomePage.validatePageTitle(MakeMyTripHomePage.java:13)
	at testspack.MakeMyTripHomePage.validatePageTitle(MakeMyTripHomePage.java:13)
	at testspack.MakeMyTripHomePage.validatePageTitle(MakeMyTripHomePage.java:13)
	at testspack.MakeMyTripHomePage.validatePageTitle(MakeMyTripHomePage.java:13)
	at testspack.MakeMyTripHomePage.validatePageTitle(MakeMyTripHomePage.java:13)
	at testspack.MakeMyTripHomePage.validatePageTitle(MakeMyTripHomePage.java:13)
	at testspack.MakeMyTripHomePage.validatePageTitle(MakeMyTripHomePage.java:13)
	at testspack.MakeMyTripHomePage.validatePageTitle(MakeMyTripHomePage.java:13)
	at testspack.MakeMyTripHomePage.validatePageTitle(MakeMyTripHomePage.java:13)
	at testspack.MakeMyTripHomePage.validatePageTitle(MakeMyTripHomePage.java:13)
	at testspack.MakeMyTripHomePage.validatePageTitle(MakeMyTripHomePage.java:13)
	at testspack.MakeMyTripHomePage.validatePageTitle(MakeMyTripHomePage.java:13)
	at testspack.MakeMyTripHomePage.validatePageTitle(MakeMyTripHomePage.java:13)
	at testspack.MakeMyTripHomePage.validatePageTitle(MakeMyTripHomePage.java:13)
	at testspack.MakeMyTripHomePage.validatePageTitle(MakeMyTripHomePage.java:13)
	at testspack.MakeMyTripHomePage.validatePageTitle(MakeMyTripHomePage.java:13)
	at testspack.MakeMyTripHomePage.validatePageTitle(MakeMyTripHomePage.java:13)
	at testspack.MakeMyTripHomePage.validatePageTitle(MakeMyTripHomePage.java:13)
	at testspack.MakeMyTripHomePage.validatePageTitle(MakeMyTripHomePage.java:13)
	at testspack.MakeMyTripHomePage.validatePageTitle(MakeMyTripHomePage.java:13)
	at testspack.MakeMyTripHomePage.validatePageTitle(MakeMyTripHomePage.java:13)
	at testspack.MakeMyTripHomePage.validatePageTitle(MakeMyTripHomePage.java:13)
	at testspack.MakeMyTripHomePage.validatePageTitle(MakeMyTripHomePage.java:13)
	at testspack.MakeMyTripHomePage.validatePageTitle(MakeMyTripHomePage.java:13)
	at testspack.MakeMyTripHomePage.validatePageTitle(MakeMyTripHomePage.java:13)
	at testspack.MakeMyTripHomePage.validatePageTitle(MakeMyTripHomePage.java:13)
	at testspack.MakeMyTripHomePage.validatePageTitle(MakeMyTripHomePage.java:13)
	at testspack.MakeMyTripHomePage.validatePageTitle(MakeMyTripHomePage.java:13)
	at testspack.MakeMyTripHomePage.validatePageTitle(MakeMyTripHomePage.java:13)
	at testspack.MakeMyTripHomePage.validatePageTitle(MakeMyTripHomePage.java:13)
	at testspack.MakeMyTripHomePage.validatePageTitle(MakeMyTripHomePage.java:13)
	at testspack.MakeMyTripHomePage.validatePageTitle(MakeMyTripHomePage.java:13)
	at testspack.MakeMyTripHomePage.validatePageTitle(MakeMyTripHomePage.java:13)
	at testspack.MakeMyTripHomePage.validatePageTitle(MakeMyTripHomePage.java:13)
	at testspack.MakeMyTripHomePage.validatePageTitle(MakeMyTripHomePage.java:13)
	at testspack.MakeMyTripHomePage.validatePageTitle(MakeMyTripHomePage.java:13)
	at testspack.MakeMyTripHomePage.validatePageTitle(MakeMyTripHomePage.java:13)
	at testspack.MakeMyTripHomePage.validatePageTitle(MakeMyTripHomePage.java:13)
	at testspack.MakeMyTripHomePage.validatePageTitle(MakeMyTripHomePage.java:13)
	at testspack.MakeMyTripHomePage.validatePageTitle(MakeMyTripHomePage.java:13)
	at testspack.MakeMyTripHomePage.validatePageTitle(MakeMyTripHomePage.java:13)
	at testspack.MakeMyTripHomePage.validatePageTitle(MakeMyTripHomePage.java:13)
	at testspack.MakeMyTripHomePage.validatePageTitle(MakeMyTripHomePage.java:13)
	at testspack.MakeMyTripHomePage.validatePageTitle(MakeMyTripHomePage.java:13)
	at testspack.MakeMyTripHomePage.validatePageTitle(MakeMyTripHomePage.java:13)
	at testspack.MakeMyTripHomePage.validatePageTitle(MakeMyTripHomePage.java:13)
	at testspack.MakeMyTripHomePage.validatePageTitle(MakeMyTripHomePage.java:13)
	at testspack.MakeMyTripHomePage.validatePageTitle(MakeMyTripHomePage.java:13)
	at testspack.MakeMyTripHomePage.validatePageTitle(MakeMyTripHomePage.java:13)
	at testspack.MakeMyTripHomePage.validatePageTitle(MakeMyTripHomePage.java:13)
	at testspack.MakeMyTripHomePage.validatePageTitle(MakeMyTripHomePage.java:13)
	at testspack.MakeMyTripHomePage.validatePageTitle(MakeMyTripHomePage.java:13)
	at testspack.MakeMyTripHomePage.validatePageTitle(MakeMyTripHomePage.java:13)
	at testspack.MakeMyTripHomePage.validatePageTitle(MakeMyTripHomePage.java:13)
	at testspack.MakeMyTripHomePage.validatePageTitle(MakeMyTripHomePage.java:13)
	at testspack.MakeMyTripHomePage.validatePageTitle(MakeMyTripHomePage.java:13)
	at testspack.MakeMyTripHomePage.validatePageTitle(MakeMyTripHomePage.java:13)
	at testspack.MakeMyTripHomePage.validatePageTitle(MakeMyTripHomePage.java:13)
	at testspack.MakeMyTripHomePage.validatePageTitle(MakeMyTripHomePage.java:13)
	at testspack.MakeMyTripHomePage.validatePageTitle(MakeMyTripHomePage.java:13)
	at testspack.MakeMyTripHomePage.validatePageTitle(MakeMyTripHomePage.java:13)
	at testspack.MakeMyTripHomePage.validatePageTitle(MakeMyTripHomePage.java:13)
	at testspack.MakeMyTripHomePage.validatePageTitle(MakeMyTripHomePage.java:13)
	at testspack.MakeMyTripHomePage.validatePageTitle(MakeMyTripHomePage.java:13)
	at testspack.MakeMyTripHomePage.validatePageTitle(MakeMyTripHomePage.java:13)
	at testspack.MakeMyTripHomePage.validatePageTitle(MakeMyTripHomePage.java:13)
	at testspack.MakeMyTripHomePage.validatePageTitle(MakeMyTripHomePage.java:13)
	at testspack.MakeMyTripHomePage.validatePageTitle(MakeMyTripHomePage.java:13)
	at testspack.MakeMyTripHomePage.validatePageTitle(MakeMyTripHomePage.java:13)
	at testspack.MakeMyTripHomePage.validatePageTitle(MakeMyTripHomePage.java:13)
	at testspack.MakeMyTripHomePage.validatePageTitle(MakeMyTripHomePage.java:13)
	at testspack.MakeMyTripHomePage.validatePageTitle(MakeMyTripHomePage.java:13)
	at testspack.MakeMyTripHomePage.validatePageTitle(MakeMyTripHomePage.java:13)
	at testspack.MakeMyTripHomePage.validatePageTitle(MakeMyTripHomePage.java:13)
	at testspack.MakeMyTripHomePage.validatePageTitle(MakeMyTripHomePage.java:13)
	at testspack.MakeMyTripHomePage.validatePageTitle(MakeMyTripHomePage.java:13)
	at testspack.MakeMyTripHomePage.validatePageTitle(MakeMyTripHomePage.java:13)
	at testspack.MakeMyTripHomePage.validatePageTitle(MakeMyTripHomePage.java:13)
	at testspack.MakeMyTripHomePage.validatePageTitle(MakeMyTripHomePage.java:13)
	at testspack.MakeMyTripHomePage.validatePageTitle(MakeMyTripHomePage.java:13)
	at testspack.MakeMyTripHomePage.validatePageTitle(MakeMyTripHomePage.java:13)
	at testspack.MakeMyTripHomePage.validatePageTitle(MakeMyTripHomePage.java:13)
	at testspack.MakeMyTripHomePage.validatePageTitle(MakeMyTripHomePage.java:13)
	at testspack.MakeMyTripHomePage.validatePageTitle(MakeMyTripHomePage.java:13)
	at testspack.MakeMyTripHomePage.validatePageTitle(MakeMyTripHomePage.java:13)
	at testspack.MakeMyTripHomePage.validatePageTitle(MakeMyTripHomePage.java:13)
	at testspack.MakeMyTripHomePage.validatePageTitle(MakeMyTripHomePage.java:13)
	at testspack.MakeMyTripHomePage.validatePageTitle(MakeMyTripHomePage.java:13)
	at testspack.MakeMyTripHomePage.validatePageTitle(MakeMyTripHomePage.java:13)
	at testspack.MakeMyTripHomePage.validatePageTitle(MakeMyTripHomePage.java:13)
	at testspack.MakeMyTripHomePage.validatePageTitle(MakeMyTripHomePage.java:13)
	at testspack.MakeMyTripHomePage.validatePageTitle(MakeMyTripHomePage.java:13)
	at testspack.MakeMyTripHomePage.validatePageTitle(MakeMyTripHomePage.java:13)
	at testspack.MakeMyTripHomePage.validatePageTitle(MakeMyTripHomePage.java:13)
	at testspack.MakeMyTripHomePage.validatePageTitle(MakeMyTripHomePage.java:13)
	at testspack.MakeMyTripHomePage.validatePageTitle(MakeMyTripHomePage.java:13)
	at testspack.MakeMyTripHomePage.validatePageTitle(MakeMyTripHomePage.java:13)
	at testspack.MakeMyTripHomePage.validatePageTitle(MakeMyTripHomePage.java:13)
	at testspack.MakeMyTripHomePage.validatePageTitle(MakeMyTripHomePage.java:13)
	at testspack.MakeMyTripHomePage.validatePageTitle(MakeMyTripHomePage.java:13)
	at testspack.MakeMyTripHomePage.validatePageTitle(MakeMyTripHomePage.java:13)
	at testspack.MakeMyTripHomePage.validatePageTitle(MakeMyTripHomePage.java:13)
	at testspack.MakeMyTripHomePage.validatePageTitle(MakeMyTripHomePage.java:13)
	at testspack.MakeMyTripHomePage.validatePageTitle(MakeMyTripHomePage.java:13)
	at testspack.MakeMyTripHomePage.validatePageTitle(MakeMyTripHomePage.java:13)
	at testspack.MakeMyTripHomePage.validatePageTitle(MakeMyTripHomePage.java:13)
	at testspack.MakeMyTripHomePage.validatePageTitle(MakeMyTripHomePage.java:13)
	at testspack.MakeMyTripHomePage.validatePageTitle(MakeMyTripHomePage.java:13)
	at testspack.MakeMyTripHomePage.validatePageTitle(MakeMyTripHomePage.java:13)
	at testspack.MakeMyTripHomePage.validatePageTitle(MakeMyTripHomePage.java:13)
	at testspack.MakeMyTripHomePage.validatePageTitle(MakeMyTripHomePage.java:13)
	at testspack.MakeMyTripHomePage.validatePageTitle(MakeMyTripHomePage.java:13)
	at testspack.MakeMyTripHomePage.validatePageTitle(MakeMyTripHomePage.java:13)
	at testspack.MakeMyTripHomePage.validatePageTitle(MakeMyTripHomePage.java:13)
	at testspack.MakeMyTripHomePage.validatePageTitle(MakeMyTripHomePage.java:13)
	at testspack.MakeMyTripHomePage.validatePageTitle(MakeMyTripHomePage.java:13)
	at testspack.MakeMyTripHomePage.validatePageTitle(MakeMyTripHomePage.java:13)
	at testspack.MakeMyTripHomePage.validatePageTitle(MakeMyTripHomePage.java:13)
	at testspack.MakeMyTripHomePage.validatePageTitle(MakeMyTripHomePage.java:13)
	at testspack.MakeMyTripHomePage.validatePageTitle(MakeMyTripHomePage.java:13)
	at testspack.MakeMyTripHomePage.validatePageTitle(MakeMyTripHomePage.java:13)
	at testspack.MakeMyTripHomePage.validatePageTitle(MakeMyTripHomePage.java:13)
	at testspack.MakeMyTripHomePage.validatePageTitle(MakeMyTripHomePage.java:13)
	at testspack.MakeMyTripHomePage.validatePageTitle(MakeMyTripHomePage.java:13)
	at testspack.MakeMyTripHomePage.validatePageTitle(MakeMyTripHomePage.java:13)
	at testspack.MakeMyTripHomePage.validatePageTitle(MakeMyTripHomePage.java:13)
	at testspack.MakeMyTripHomePage.validatePageTitle(MakeMyTripHomePage.java:13)
	at testspack.MakeMyTripHomePage.validatePageTitle(MakeMyTripHomePage.java:13)
	at testspack.MakeMyTripHomePage.validatePageTitle(MakeMyTripHomePage.java:13)
	at testspack.MakeMyTripHomePage.validatePageTitle(MakeMyTripHomePage.java:13)
	at testspack.MakeMyTripHomePage.validatePageTitle(MakeMyTripHomePage.java:13)
	at testspack.MakeMyTripHomePage.validatePageTitle(MakeMyTripHomePage.java:13)
	at testspack.MakeMyTripHomePage.validatePageTitle(MakeMyTripHomePage.java:13)
	at testspack.MakeMyTripHomePage.validatePageTitle(MakeMyTripHomePage.java:13)
	at testspack.MakeMyTripHomePage.validatePageTitle(MakeMyTripHomePage.java:13)
	at testspack.MakeMyTripHomePage.validatePageTitle(MakeMyTripHomePage.java:13)
	at testspack.MakeMyTripHomePage.validatePageTitle(MakeMyTripHomePage.java:13)
	at testspack.MakeMyTripHomePage.validatePageTitle(MakeMyTripHomePage.java:13)
	at testspack.MakeMyTripHomePage.validatePageTitle(MakeMyTripHomePage.java:13)
	at testspack.MakeMyTripHomePage.validatePageTitle(MakeMyTripHomePage.java:13)
	at testspack.MakeMyTripHomePage.validatePageTitle(MakeMyTripHomePage.java:13)
	at testspack.MakeMyTripHomePage.validatePageTitle(MakeMyTripHomePage.java:13)
	at testspack.MakeMyTripHomePage.validatePageTitle(MakeMyTripHomePage.java:13)
	at testspack.MakeMyTripHomePage.validatePageTitle(MakeMyTripHomePage.java:13)
	at testspack.MakeMyTripHomePage.validatePageTitle(MakeMyTripHomePage.java:13)
	at testspack.MakeMyTripHomePage.validatePageTitle(MakeMyTripHomePage.java:13)
	at testspack.MakeMyTripHomePage.validatePageTitle(MakeMyTripHomePage.java:13)
	at testspack.MakeMyTripHomePage.validatePageTitle(MakeMyTripHomePage.java:13)
	at testspack.MakeMyTripHomePage.validatePageTitle(MakeMyTripHomePage.java:13)
	at testspack.MakeMyTripHomePage.validatePageTitle(MakeMyTripHomePage.java:13)
	at testspack.MakeMyTripHomePage.validatePageTitle(MakeMyTripHomePage.java:13)
	at testspack.MakeMyTripHomePage.validatePageTitle(MakeMyTripHomePage.java:13)
	at testspack.MakeMyTripHomePage.validatePageTitle(MakeMyTripHomePage.java:13)
	at testspack.MakeMyTripHomePage.validatePageTitle(MakeMyTripHomePage.java:13)
	at testspack.MakeMyTripHomePage.validatePageTitle(MakeMyTripHomePage.java:13)
	at testspack.MakeMyTripHomePage.validatePageTitle(MakeMyTripHomePage.java:13)
	at testspack.MakeMyTripHomePage.validatePageTitle(MakeMyTripHomePage.java:13)
	at testspack.MakeMyTripHomePage.validatePageTitle(MakeMyTripHomePage.java:13)
	at testspack.MakeMyTripHomePage.validatePageTitle(MakeMyTripHomePage.java:13)
	at testspack.MakeMyTripHomePage.validatePageTitle(MakeMyTripHomePage.java:13)
	at testspack.MakeMyTripHomePage.validatePageTitle(MakeMyTripHomePage.java:13)
	at testspack.MakeMyTripHomePage.validatePageTitle(MakeMyTripHomePage.java:13)
	at testspack.MakeMyTripHomePage.validatePageTitle(MakeMyTripHomePage.java:13)
	at testspack.MakeMyTripHomePage.validatePageTitle(MakeMyTripHomePage.java:13)
	at testspack.MakeMyTripHomePage.validatePageTitle(MakeMyTripHomePage.java:13)
	at testspack.MakeMyTripHomePage.validatePageTitle(MakeMyTripHomePage.java:13)
	at testspack.MakeMyTripHomePage.validatePageTitle(MakeMyTripHomePage.java:13)
	at testspack.MakeMyTripHomePage.validatePageTitle(MakeMyTripHomePage.java:13)
	at testspack.MakeMyTripHomePage.validatePageTitle(MakeMyTripHomePage.java:13)
	at testspack.MakeMyTripHomePage.validatePageTitle(MakeMyTripHomePage.java:13)
	at testspack.MakeMyTripHomePage.validatePageTitle(MakeMyTripHomePage.java:13)
	at testspack.MakeMyTripHomePage.validatePageTitle(MakeMyTripHomePage.java:13)
	at testspack.MakeMyTripHomePage.validatePageTitle(MakeMyTripHomePage.java:13)
	at testspack.MakeMyTripHomePage.validatePageTitle(MakeMyTripHomePage.java:13)
	at testspack.MakeMyTripHomePage.validatePageTitle(MakeMyTripHomePage.java:13)
	at testspack.MakeMyTripHomePage.validatePageTitle(MakeMyTripHomePage.java:13)
	at testspack.MakeMyTripHomePage.validatePageTitle(MakeMyTripHomePage.java:13)
	at testspack.MakeMyTripHomePage.validatePageTitle(MakeMyTripHomePage.java:13)
	at testspack.MakeMyTripHomePage.validatePageTitle(MakeMyTripHomePage.java:13)
	at testspack.MakeMyTripHomePage.validatePageTitle(MakeMyTripHomePage.java:13)
	at testspack.MakeMyTripHomePage.validatePageTitle(MakeMyTripHomePage.java:13)
	at testspack.MakeMyTripHomePage.validatePageTitle(MakeMyTripHomePage.java:13)
	at testspack.MakeMyTripHomePage.validatePageTitle(MakeMyTripHomePage.java:13)
	at testspack.MakeMyTripHomePage.validatePageTitle(MakeMyTripHomePage.java:13)
	at testspack.MakeMyTripHomePage.validatePageTitle(MakeMyTripHomePage.java:13)
	at testspack.MakeMyTripHomePage.validatePageTitle(MakeMyTripHomePage.java:13)
	at testspack.MakeMyTripHomePage.validatePageTitle(MakeMyTripHomePage.java:13)
	at testspack.MakeMyTripHomePage.validatePageTitle(MakeMyTripHomePage.java:13)
	at testspack.MakeMyTripHomePage.validatePageTitle(MakeMyTripHomePage.java:13)
	at testspack.MakeMyTripHomePage.validatePageTitle(MakeMyTripHomePage.java:13)
	at testspack.MakeMyTripHomePage.validatePageTitle(MakeMyTripHomePage.java:13)
	at testspack.MakeMyTripHomePage.validatePageTitle(MakeMyTripHomePage.java:13)
	at testspack.MakeMyTripHomePage.validatePageTitle(MakeMyTripHomePage.java:13)
	at testspack.MakeMyTripHomePage.validatePageTitle(MakeMyTripHomePage.java:13)
	at testspack.MakeMyTripHomePage.validatePageTitle(MakeMyTripHomePage.java:13)
	at testspack.MakeMyTripHomePage.validatePageTitle(MakeMyTripHomePage.java:13)
	at testspack.MakeMyTripHomePage.validatePageTitle(MakeMyTripHomePage.java:13)
	at testspack.MakeMyTripHomePage.validatePageTitle(MakeMyTripHomePage.java:13)
	at testspack.MakeMyTripHomePage.validatePageTitle(MakeMyTripHomePage.java:13)
	at testspack.MakeMyTripHomePage.validatePageTitle(MakeMyTripHomePage.java:13)
	at testspack.MakeMyTripHomePage.validatePageTitle(MakeMyTripHomePage.java:13)
	at testspack.MakeMyTripHomePage.validatePageTitle(MakeMyTripHomePage.java:13)
	at testspack.MakeMyTripHomePage.validatePageTitle(MakeMyTripHomePage.java:13)
	at testspack.MakeMyTripHomePage.validatePageTitle(MakeMyTripHomePage.java:13)
	at testspack.MakeMyTripHomePage.validatePageTitle(MakeMyTripHomePage.java:13)
	at testspack.MakeMyTripHomePage.validatePageTitle(MakeMyTripHomePage.java:13)
	at testspack.MakeMyTripHomePage.validatePageTitle(MakeMyTripHomePage.java:13)
	at testspack.MakeMyTripHomePage.validatePageTitle(MakeMyTripHomePage.java:13)
	at testspack.MakeMyTripHomePage.validatePageTitle(MakeMyTripHomePage.java:13)
	at testspack.MakeMyTripHomePage.validatePageTitle(MakeMyTripHomePage.java:13)
	at testspack.MakeMyTripHomePage.validatePageTitle(MakeMyTripHomePage.java:13)
	at testspack.MakeMyTripHomePage.validatePageTitle(MakeMyTripHomePage.java:13)
	at testspack.MakeMyTripHomePage.validatePageTitle(MakeMyTripHomePage.java:13)
	at testspack.MakeMyTripHomePage.validatePageTitle(MakeMyTripHomePage.java:13)
	at testspack.MakeMyTripHomePage.validatePageTitle(MakeMyTripHomePage.java:13)
	at testspack.MakeMyTripHomePage.validatePageTitle(MakeMyTripHomePage.java:13)
	at testspack.MakeMyTripHomePage.validatePageTitle(MakeMyTripHomePage.java:13)
	at testspack.MakeMyTripHomePage.validatePageTitle(MakeMyTripHomePage.java:13)
	at testspack.MakeMyTripHomePage.validatePageTitle(MakeMyTripHomePage.java:13)
	at testspack.MakeMyTripHomePage.validatePageTitle(MakeMyTripHomePage.java:13)
	at testspack.MakeMyTripHomePage.validatePageTitle(MakeMyTripHomePage.java:13)
	at testspack.MakeMyTripHomePage.validatePageTitle(MakeMyTripHomePage.java:13)
	at testspack.MakeMyTripHomePage.validatePageTitle(MakeMyTripHomePage.java:13)
	at testspack.MakeMyTripHomePage.validatePageTitle(MakeMyTripHomePage.java:13)
	at testspack.MakeMyTripHomePage.validatePageTitle(MakeMyTripHomePage.java:13)
	at testspack.MakeMyTripHomePage.validatePageTitle(MakeMyTripHomePage.java:13)
	at testspack.MakeMyTripHomePage.validatePageTitle(MakeMyTripHomePage.java:13)
	at testspack.MakeMyTripHomePage.validatePageTitle(MakeMyTripHomePage.java:13)
	at testspack.MakeMyTripHomePage.validatePageTitle(MakeMyTripHomePage.java:13)
	at testspack.MakeMyTripHomePage.validatePageTitle(MakeMyTripHomePage.java:13)
	at testspack.MakeMyTripHomePage.validatePageTitle(MakeMyTripHomePage.java:13)
	at testspack.MakeMyTripHomePage.validatePageTitle(MakeMyTripHomePage.java:13)
	at testspack.MakeMyTripHomePage.validatePageTitle(MakeMyTripHomePage.java:13)
	at testspack.MakeMyTripHomePage.validatePageTitle(MakeMyTripHomePage.java:13)
	at testspack.MakeMyTripHomePage.validatePageTitle(MakeMyTripHomePage.java:13)
	at testspack.MakeMyTripHomePage.validatePageTitle(MakeMyTripHomePage.java:13)
	at testspack.MakeMyTripHomePage.validatePageTitle(MakeMyTripHomePage.java:13)
	at testspack.MakeMyTripHomePage.validatePageTitle(MakeMyTripHomePage.java:13)
	at testspack.MakeMyTripHomePage.validatePageTitle(MakeMyTripHomePage.java:13)
	at testspack.MakeMyTripHomePage.validatePageTitle(MakeMyTripHomePage.java:13)
	at testspack.MakeMyTripHomePage.validatePageTitle(MakeMyTripHomePage.java:13)
	at testspack.MakeMyTripHomePage.validatePageTitle(MakeMyTripHomePage.java:13)
	at testspack.MakeMyTripHomePage.validatePageTitle(MakeMyTripHomePage.java:13)
	at testspack.MakeMyTripHomePage.validatePageTitle(MakeMyTripHomePage.java:13)
	at testspack.MakeMyTripHomePage.validatePageTitle(MakeMyTripHomePage.java:13)
	at testspack.MakeMyTripHomePage.validatePageTitle(MakeMyTripHomePage.java:13)
	at testspack.MakeMyTripHomePage.validatePageTitle(MakeMyTripHomePage.java:13)
	at testspack.MakeMyTripHomePage.validatePageTitle(MakeMyTripHomePage.java:13)
	at testspack.MakeMyTripHomePage.validatePageTitle(MakeMyTripHomePage.java:13)
	at testspack.MakeMyTripHomePage.validatePageTitle(MakeMyTripHomePage.java:13)
	at testspack.MakeMyTripHomePage.validatePageTitle(MakeMyTripHomePage.java:13)
	at testspack.MakeMyTripHomePage.validatePageTitle(MakeMyTripHomePage.java:13)
	at testspack.MakeMyTripHomePage.validatePageTitle(MakeMyTripHomePage.java:13)
	at testspack.MakeMyTripHomePage.validatePageTitle(MakeMyTripHomePage.java:13)
	at testspack.MakeMyTripHomePage.validatePageTitle(MakeMyTripHomePage.java:13)
	at testspack.MakeMyTripHomePage.validatePageTitle(MakeMyTripHomePage.java:13)
	at testspack.MakeMyTripHomePage.validatePageTitle(MakeMyTripHomePage.java:13)
	at testspack.MakeMyTripHomePage.validatePageTitle(MakeMyTripHomePage.java:13)
	at testspack.MakeMyTripHomePage.validatePageTitle(MakeMyTripHomePage.java:13)
	at testspack.MakeMyTripHomePage.validatePageTitle(MakeMyTripHomePage.java:13)
	at testspack.MakeMyTripHomePage.validatePageTitle(MakeMyTripHomePage.java:13)
	at testspack.MakeMyTripHomePage.validatePageTitle(MakeMyTripHomePage.java:13)
	at testspack.MakeMyTripHomePage.validatePageTitle(MakeMyTripHomePage.java:13)
	at testspack.MakeMyTripHomePage.validatePageTitle(MakeMyTripHomePage.java:13)
	at testspack.MakeMyTripHomePage.validatePageTitle(MakeMyTripHomePage.java:13)
	at testspack.MakeMyTripHomePage.validatePageTitle(MakeMyTripHomePage.java:13)
	at testspack.MakeMyTripHomePage.validatePageTitle(MakeMyTripHomePage.java:13)
	at testspack.MakeMyTripHomePage.validatePageTitle(MakeMyTripHomePage.java:13)
	at testspack.MakeMyTripHomePage.validatePageTitle(MakeMyTripHomePage.java:13)
	at testspack.MakeMyTripHomePage.validatePageTitle(MakeMyTripHomePage.java:13)
	at testspack.MakeMyTripHomePage.validatePageTitle(MakeMyTripHomePage.java:13)
	at testspack.MakeMyTripHomePage.validatePageTitle(MakeMyTripHomePage.java:13)
	at testspack.MakeMyTripHomePage.validatePageTitle(MakeMyTripHomePage.java:13)
	at testspack.MakeMyTripHomePage.validatePageTitle(MakeMyTripHomePage.java:13)
	at testspack.MakeMyTripHomePage.validatePageTitle(MakeMyTripHomePage.java:13)
	at testspack.MakeMyTripHomePage.validatePageTitle(MakeMyTripHomePage.java:13)
	at testspack.MakeMyTripHomePage.validatePageTitle(MakeMyTripHomePage.java:13)
	at testspack.MakeMyTripHomePage.validatePageTitle(MakeMyTripHomePage.java:13)
	at testspack.MakeMyTripHomePage.validatePageTitle(MakeMyTripHomePage.java:13)
	at testspack.MakeMyTripHomePage.validatePageTitle(MakeMyTripHomePage.java:13)
	at testspack.MakeMyTripHomePage.validatePageTitle(MakeMyTripHomePage.java:13)
	at testspack.MakeMyTripHomePage.validatePageTitle(MakeMyTripHomePage.java:13)
	at testspack.MakeMyTripHomePage.validatePageTitle(MakeMyTripHomePage.java:13)
	at testspack.MakeMyTripHomePage.validatePageTitle(MakeMyTripHomePage.java:13)
	at testspack.MakeMyTripHomePage.validatePageTitle(MakeMyTripHomePage.java:13)
	at testspack.MakeMyTripHomePage.validatePageTitle(MakeMyTripHomePage.java:13)
	at testspack.MakeMyTripHomePage.validatePageTitle(MakeMyTripHomePage.java:13)
	at testspack.MakeMyTripHomePage.validatePageTitle(MakeMyTripHomePage.java:13)
	at testspack.MakeMyTripHomePage.validatePageTitle(MakeMyTripHomePage.java:13)
	at testspack.MakeMyTripHomePage.validatePageTitle(MakeMyTripHomePage.java:13)
	at testspack.MakeMyTripHomePage.validatePageTitle(MakeMyTripHomePage.java:13)
	at testspack.MakeMyTripHomePage.validatePageTitle(MakeMyTripHomePage.java:13)
	at testspack.MakeMyTripHomePage.validatePageTitle(MakeMyTripHomePage.java:13)
	at testspack.MakeMyTripHomePage.validatePageTitle(MakeMyTripHomePage.java:13)
	at testspack.MakeMyTripHomePage.validatePageTitle(MakeMyTripHomePage.java:13)
	at testspack.MakeMyTripHomePage.validatePageTitle(MakeMyTripHomePage.java:13)
	at testspack.MakeMyTripHomePage.validatePageTitle(MakeMyTripHomePage.java:13)
	at testspack.MakeMyTripHomePage.validatePageTitle(MakeMyTripHomePage.java:13)
	at testspack.MakeMyTripHomePage.validatePageTitle(MakeMyTripHomePage.java:13)
	at testspack.MakeMyTripHomePage.validatePageTitle(MakeMyTripHomePage.java:13)
	at testspack.MakeMyTripHomePage.validatePageTitle(MakeMyTripHomePage.java:13)
	at testspack.MakeMyTripHomePage.validatePageTitle(MakeMyTripHomePage.java:13)
	at testspack.MakeMyTripHomePage.validatePageTitle(MakeMyTripHomePage.java:13)
	at testspack.MakeMyTripHomePage.validatePageTitle(MakeMyTripHomePage.java:13)
	at testspack.MakeMyTripHomePage.validatePageTitle(MakeMyTripHomePage.java:13)
	at testspack.MakeMyTripHomePage.validatePageTitle(MakeMyTripHomePage.java:13)
	at testspack.MakeMyTripHomePage.validatePageTitle(MakeMyTripHomePage.java:13)
	at testspack.MakeMyTripHomePage.validatePageTitle(MakeMyTripHomePage.java:13)
	at testspack.MakeMyTripHomePage.validatePageTitle(MakeMyTripHomePage.java:13)
	at testspack.MakeMyTripHomePage.validatePageTitle(MakeMyTripHomePage.java:13)
	at testspack.MakeMyTripHomePage.validatePageTitle(MakeMyTripHomePage.java:13)
	at testspack.MakeMyTripHomePage.validatePageTitle(MakeMyTripHomePage.java:13)
	at testspack.MakeMyTripHomePage.validatePageTitle(MakeMyTripHomePage.java:13)
	at testspack.MakeMyTripHomePage.validatePageTitle(MakeMyTripHomePage.java:13)
	at testspack.MakeMyTripHomePage.validatePageTitle(MakeMyTripHomePage.java:13)
	at testspack.MakeMyTripHomePage.validatePageTitle(MakeMyTripHomePage.java:13)
	at testspack.MakeMyTripHomePage.validatePageTitle(MakeMyTripHomePage.java:13)
	at testspack.MakeMyTripHomePage.validatePageTitle(MakeMyTripHomePage.java:13)
	at testspack.MakeMyTripHomePage.validatePageTitle(MakeMyTripHomePage.java:13)
	at testspack.MakeMyTripHomePage.validatePageTitle(MakeMyTripHomePage.java:13)
	at testspack.MakeMyTripHomePage.validatePageTitle(MakeMyTripHomePage.java:13)
	at testspack.MakeMyTripHomePage.validatePageTitle(MakeMyTripHomePage.java:13)
	at testspack.MakeMyTripHomePage.validatePageTitle(MakeMyTripHomePage.java:13)
	at testspack.MakeMyTripHomePage.validatePageTitle(MakeMyTripHomePage.java:13)
	at testspack.MakeMyTripHomePage.validatePageTitle(MakeMyTripHomePage.java:13)
	at testspack.MakeMyTripHomePage.validatePageTitle(MakeMyTripHomePage.java:13)
	at testspack.MakeMyTripHomePage.validatePageTitle(MakeMyTripHomePage.java:13)
	at testspack.MakeMyTripHomePage.validatePageTitle(MakeMyTripHomePage.java:13)
	at testspack.MakeMyTripHomePage.validatePageTitle(MakeMyTripHomePage.java:13)
	at testspack.MakeMyTripHomePage.validatePageTitle(MakeMyTripHomePage.java:13)
	at testspack.MakeMyTripHomePage.validatePageTitle(MakeMyTripHomePage.java:13)
	at testspack.MakeMyTripHomePage.validatePageTitle(MakeMyTripHomePage.java:13)
	at testspack.MakeMyTripHomePage.validatePageTitle(MakeMyTripHomePage.java:13)
	at testspack.MakeMyTripHomePage.validatePageTitle(MakeMyTripHomePage.java:13)
	at testspack.MakeMyTripHomePage.validatePageTitle(MakeMyTripHomePage.java:13)
	at testspack.MakeMyTripHomePage.validatePageTitle(MakeMyTripHomePage.java:13)
	at testspack.MakeMyTripHomePage.validatePageTitle(MakeMyTripHomePage.java:13)
	at testspack.MakeMyTripHomePage.validatePageTitle(MakeMyTripHomePage.java:13)
	at testspack.MakeMyTripHomePage.validatePageTitle(MakeMyTripHomePage.java:13)
	at testspack.MakeMyTripHomePage.validatePageTitle(MakeMyTripHomePage.java:13)
	at testspack.MakeMyTripHomePage.validatePageTitle(MakeMyTripHomePage.java:13)
	at testspack.MakeMyTripHomePage.validatePageTitle(MakeMyTripHomePage.java:13)
	at testspack.MakeMyTripHomePage.validatePageTitle(MakeMyTripHomePage.java:13)
	at testspack.MakeMyTripHomePage.validatePageTitle(MakeMyTripHomePage.java:13)
	at testspack.MakeMyTripHomePage.validatePageTitle(MakeMyTripHomePage.java:13)
	at testspack.MakeMyTripHomePage.validatePageTitle(MakeMyTripHomePage.java:13)
	at testspack.MakeMyTripHomePage.validatePageTitle(MakeMyTripHomePage.java:13)
	at testspack.MakeMyTripHomePage.validatePageTitle(MakeMyTripHomePage.java:13)
	at testspack.MakeMyTripHomePage.validatePageTitle(MakeMyTripHomePage.java:13)
	at testspack.MakeMyTripHomePage.validatePageTitle(MakeMyTripHomePage.java:13)
	at testspack.MakeMyTripHomePage.validatePageTitle(MakeMyTripHomePage.java:13)
	at testspack.MakeMyTripHomePage.validatePageTitle(MakeMyTripHomePage.java:13)
	at testspack.MakeMyTripHomePage.validatePageTitle(MakeMyTripHomePage.java:13)
	at testspack.MakeMyTripHomePage.validatePageTitle(MakeMyTripHomePage.java:13)
	at testspack.MakeMyTripHomePage.validatePageTitle(MakeMyTripHomePage.java:13)
	at testspack.MakeMyTripHomePage.validatePageTitle(MakeMyTripHomePage.java:13)
	at testspack.MakeMyTripHomePage.validatePageTitle(MakeMyTripHomePage.java:13)
	at testspack.MakeMyTripHomePage.validatePageTitle(MakeMyTripHomePage.java:13)
	at testspack.MakeMyTripHomePage.validatePageTitle(MakeMyTripHomePage.java:13)
	at testspack.MakeMyTripHomePage.validatePageTitle(MakeMyTripHomePage.java:13)
	at testspack.MakeMyTripHomePage.validatePageTitle(MakeMyTripHomePage.java:13)
	at testspack.MakeMyTripHomePage.validatePageTitle(MakeMyTripHomePage.java:13)
	at testspack.MakeMyTripHomePage.validatePageTitle(MakeMyTripHomePage.java:13)
	at testspack.MakeMyTripHomePage.validatePageTitle(MakeMyTripHomePage.java:13)
	at testspack.MakeMyTripHomePage.validatePageTitle(MakeMyTripHomePage.java:13)
	at testspack.MakeMyTripHomePage.validatePageTitle(MakeMyTripHomePage.java:13)
	at testspack.MakeMyTripHomePage.validatePageTitle(MakeMyTripHomePage.java:13)
	at testspack.MakeMyTripHomePage.validatePageTitle(MakeMyTripHomePage.java:13)
	at testspack.MakeMyTripHomePage.validatePageTitle(MakeMyTripHomePage.java:13)
	at testspack.MakeMyTripHomePage.validatePageTitle(MakeMyTripHomePage.java:13)
	at testspack.MakeMyTripHomePage.validatePageTitle(MakeMyTripHomePage.java:13)
	at testspack.MakeMyTripHomePage.validatePageTitle(MakeMyTripHomePage.java:13)
	at testspack.MakeMyTripHomePage.validatePageTitle(MakeMyTripHomePage.java:13)
	at testspack.MakeMyTripHomePage.validatePageTitle(MakeMyTripHomePage.java:13)
	at testspack.MakeMyTripHomePage.validatePageTitle(MakeMyTripHomePage.java:13)
	at testspack.MakeMyTripHomePage.validatePageTitle(MakeMyTripHomePage.java:13)
	at testspack.MakeMyTripHomePage.validatePageTitle(MakeMyTripHomePage.java:13)
	at testspack.MakeMyTripHomePage.validatePageTitle(MakeMyTripHomePage.java:13)
	at testspack.MakeMyTripHomePage.validatePageTitle(MakeMyTripHomePage.java:13)
	at testspack.MakeMyTripHomePage.validatePageTitle(MakeMyTripHomePage.java:13)
	at testspack.MakeMyTripHomePage.validatePageTitle(MakeMyTripHomePage.java:13)
	at testspack.MakeMyTripHomePage.validatePageTitle(MakeMyTripHomePage.java:13)
	at testspack.MakeMyTripHomePage.validatePageTitle(MakeMyTripHomePage.java:13)
	at testspack.MakeMyTripHomePage.validatePageTitle(MakeMyTripHomePage.java:13)
	at testspack.MakeMyTripHomePage.validatePageTitle(MakeMyTripHomePage.java:13)
	at testspack.MakeMyTripHomePage.validatePageTitle(MakeMyTripHomePage.java:13)
	at testspack.MakeMyTripHomePage.validatePageTitle(MakeMyTripHomePage.java:13)
	at testspack.MakeMyTripHomePage.validatePageTitle(MakeMyTripHomePage.java:13)
	at testspack.MakeMyTripHomePage.validatePageTitle(MakeMyTripHomePage.java:13)
	at testspack.MakeMyTripHomePage.validatePageTitle(MakeMyTripHomePage.java:13)
	at testspack.MakeMyTripHomePage.validatePageTitle(MakeMyTripHomePage.java:13)
	at testspack.MakeMyTripHomePage.validatePageTitle(MakeMyTripHomePage.java:13)
	at testspack.MakeMyTripHomePage.validatePageTitle(MakeMyTripHomePage.java:13)
	at testspack.MakeMyTripHomePage.validatePageTitle(MakeMyTripHomePage.java:13)
	at testspack.MakeMyTripHomePage.validatePageTitle(MakeMyTripHomePage.java:13)
	at testspack.MakeMyTripHomePage.validatePageTitle(MakeMyTripHomePage.java:13)
	at testspack.MakeMyTripHomePage.validatePageTitle(MakeMyTripHomePage.java:13)
	at testspack.MakeMyTripHomePage.validatePageTitle(MakeMyTripHomePage.java:13)
	at testspack.MakeMyTripHomePage.validatePageTitle(MakeMyTripHomePage.java:13)
	at testspack.MakeMyTripHomePage.validatePageTitle(MakeMyTripHomePage.java:13)
	at testspack.MakeMyTripHomePage.validatePageTitle(MakeMyTripHomePage.java:13)
	at testspack.MakeMyTripHomePage.validatePageTitle(MakeMyTripHomePage.java:13)
	at testspack.MakeMyTripHomePage.validatePageTitle(MakeMyTripHomePage.java:13)
	at testspack.MakeMyTripHomePage.validatePageTitle(MakeMyTripHomePage.java:13)
	at testspack.MakeMyTripHomePage.validatePageTitle(MakeMyTripHomePage.java:13)
	at testspack.MakeMyTripHomePage.validatePageTitle(MakeMyTripHomePage.java:13)
	at testspack.MakeMyTripHomePage.validatePageTitle(MakeMyTripHomePage.java:13)
	at testspack.MakeMyTripHomePage.validatePageTitle(MakeMyTripHomePage.java:13)
	at testspack.MakeMyTripHomePage.validatePageTitle(MakeMyTripHomePage.java:13)
	at testspack.MakeMyTripHomePage.validatePageTitle(MakeMyTripHomePage.java:13)
	at testspack.MakeMyTripHomePage.validatePageTitle(MakeMyTripHomePage.java:13)
	at testspack.MakeMyTripHomePage.validatePageTitle(MakeMyTripHomePage.java:13)
	at testspack.MakeMyTripHomePage.validatePageTitle(MakeMyTripHomePage.java:13)
	at testspack.MakeMyTripHomePage.validatePageTitle(MakeMyTripHomePage.java:13)
	at testspack.MakeMyTripHomePage.validatePageTitle(MakeMyTripHomePage.java:13)
	at testspack.MakeMyTripHomePage.validatePageTitle(MakeMyTripHomePage.java:13)
	at testspack.MakeMyTripHomePage.validatePageTitle(MakeMyTripHomePage.java:13)
	at testspack.MakeMyTripHomePage.validatePageTitle(MakeMyTripHomePage.java:13)
	at testspack.MakeMyTripHomePage.validatePageTitle(MakeMyTripHomePage.java:13)
	at testspack.MakeMyTripHomePage.validatePageTitle(MakeMyTripHomePage.java:13)
	at testspack.MakeMyTripHomePage.validatePageTitle(MakeMyTripHomePage.java:13)
	at testspack.MakeMyTripHomePage.validatePageTitle(MakeMyTripHomePage.java:13)
	at testspack.MakeMyTripHomePage.validatePageTitle(MakeMyTripHomePage.java:13)
	at testspack.MakeMyTripHomePage.validatePageTitle(MakeMyTripHomePage.java:13)
	at testspack.MakeMyTripHomePage.validatePageTitle(MakeMyTripHomePage.java:13)
	at testspack.MakeMyTripHomePage.validatePageTitle(MakeMyTripHomePage.java:13)
	at testspack.MakeMyTripHomePage.validatePageTitle(MakeMyTripHomePage.java:13)
	at testspack.MakeMyTripHomePage.validatePageTitle(MakeMyTripHomePage.java:13)
	at testspack.MakeMyTripHomePage.validatePageTitle(MakeMyTripHomePage.java:13)
	at testspack.MakeMyTripHomePage.validatePageTitle(MakeMyTripHomePage.java:13)
	at testspack.MakeMyTripHomePage.validatePageTitle(MakeMyTripHomePage.java:13)
	at testspack.MakeMyTripHomePage.validatePageTitle(MakeMyTripHomePage.java:13)
	at testspack.MakeMyTripHomePage.validatePageTitle(MakeMyTripHomePage.java:13)
	at testspack.MakeMyTripHomePage.validatePageTitle(MakeMyTripHomePage.java:13)
	at testspack.MakeMyTripHomePage.validatePageTitle(MakeMyTripHomePage.java:13)
	at testspack.MakeMyTripHomePage.validatePageTitle(MakeMyTripHomePage.java:13)
	at testspack.MakeMyTripHomePage.validatePageTitle(MakeMyTripHomePage.java:13)
	at testspack.MakeMyTripHomePage.validatePageTitle(MakeMyTripHomePage.java:13)
	at testspack.MakeMyTripHomePage.validatePageTitle(MakeMyTripHomePage.java:13)
	at testspack.MakeMyTripHomePage.validatePageTitle(MakeMyTripHomePage.java:13)
	at testspack.MakeMyTripHomePage.validatePageTitle(MakeMyTripHomePage.java:13)
	at testspack.MakeMyTripHomePage.validatePageTitle(MakeMyTripHomePage.java:13)
	at testspack.MakeMyTripHomePage.validatePageTitle(MakeMyTripHomePage.java:13)
	at testspack.MakeMyTripHomePage.validatePageTitle(MakeMyTripHomePage.java:13)
	at testspack.MakeMyTripHomePage.validatePageTitle(MakeMyTripHomePage.java:13)
	at testspack.MakeMyTripHomePage.validatePageTitle(MakeMyTripHomePage.java:13)
	at testspack.MakeMyTripHomePage.validatePageTitle(MakeMyTripHomePage.java:13)
	at testspack.MakeMyTripHomePage.validatePageTitle(MakeMyTripHomePage.java:13)
	at testspack.MakeMyTripHomePage.validatePageTitle(MakeMyTripHomePage.java:13)
	at testspack.MakeMyTripHomePage.validatePageTitle(MakeMyTripHomePage.java:13)
	at testspack.MakeMyTripHomePage.validatePageTitle(MakeMyTripHomePage.java:13)
	at testspack.MakeMyTripHomePage.validatePageTitle(MakeMyTripHomePage.java:13)
	at testspack.MakeMyTripHomePage.validatePageTitle(MakeMyTripHomePage.java:13)
	at testspack.MakeMyTripHomePage.validatePageTitle(MakeMyTripHomePage.java:13)
	at testspack.MakeMyTripHomePage.validatePageTitle(MakeMyTripHomePage.java:13)
	at testspack.MakeMyTripHomePage.validatePageTitle(MakeMyTripHomePage.java:13)
	at testspack.MakeMyTripHomePage.validatePageTitle(MakeMyTripHomePage.java:13)
	at testspack.MakeMyTripHomePage.validatePageTitle(MakeMyTripHomePage.java:13)
	at testspack.MakeMyTripHomePage.validatePageTitle(MakeMyTripHomePage.java:13)
	at testspack.MakeMyTripHomePage.validatePageTitle(MakeMyTripHomePage.java:13)
	at testspack.MakeMyTripHomePage.validatePageTitle(MakeMyTripHomePage.java:13)
	at testspack.MakeMyTripHomePage.validatePageTitle(MakeMyTripHomePage.java:13)
	at testspack.MakeMyTripHomePage.validatePageTitle(MakeMyTripHomePage.java:13)
	at testspack.MakeMyTripHomePage.validatePageTitle(MakeMyTripHomePage.java:13)
	at testspack.MakeMyTripHomePage.validatePageTitle(MakeMyTripHomePage.java:13)
	at testspack.MakeMyTripHomePage.validatePageTitle(MakeMyTripHomePage.java:13)
	at testspack.MakeMyTripHomePage.validatePageTitle(MakeMyTripHomePage.java:13)
	at testspack.MakeMyTripHomePage.validatePageTitle(MakeMyTripHomePage.java:13)
	at testspack.MakeMyTripHomePage.validatePageTitle(MakeMyTripHomePage.java:13)
	at testspack.MakeMyTripHomePage.validatePageTitle(MakeMyTripHomePage.java:13)
	at testspack.MakeMyTripHomePage.validatePageTitle(MakeMyTripHomePage.java:13)
	at testspack.MakeMyTripHomePage.validatePageTitle(MakeMyTripHomePage.java:13)
	at testspack.MakeMyTripHomePage.validatePageTitle(MakeMyTripHomePage.java:13)
	at testspack.MakeMyTripHomePage.validatePageTitle(MakeMyTripHomePage.java:13)
	at testspack.MakeMyTripHomePage.validatePageTitle(MakeMyTripHomePage.java:13)
	at testspack.MakeMyTripHomePage.validatePageTitle(MakeMyTripHomePage.java:13)
	at testspack.MakeMyTripHomePage.validatePageTitle(MakeMyTripHomePage.java:13)
	at testspack.MakeMyTripHomePage.validatePageTitle(MakeMyTripHomePage.java:13)
	at testspack.MakeMyTripHomePage.validatePageTitle(MakeMyTripHomePage.java:13)
	at testspack.MakeMyTripHomePage.validatePageTitle(MakeMyTripHomePage.java:13)
	at testspack.MakeMyTripHomePage.validatePageTitle(MakeMyTripHomePage.java:13)
	at testspack.MakeMyTripHomePage.validatePageTitle(MakeMyTripHomePage.java:13)
	at testspack.MakeMyTripHomePage.validatePageTitle(MakeMyTripHomePage.java:13)
	at testspack.MakeMyTripHomePage.validatePageTitle(MakeMyTripHomePage.java:13)
	at testspack.MakeMyTripHomePage.validatePageTitle(MakeMyTripHomePage.java:13)
	at testspack.MakeMyTripHomePage.validatePageTitle(MakeMyTripHomePage.java:13)
	at testspack.MakeMyTripHomePage.validatePageTitle(MakeMyTripHomePage.java:13)
	at testspack.MakeMyTripHomePage.validatePageTitle(MakeMyTripHomePage.java:13)
	at testspack.MakeMyTripHomePage.validatePageTitle(MakeMyTripHomePage.java:13)
	at testspack.MakeMyTripHomePage.validatePageTitle(MakeMyTripHomePage.java:13)
	at testspack.MakeMyTripHomePage.validatePageTitle(MakeMyTripHomePage.java:13)
	at testspack.MakeMyTripHomePage.validatePageTitle(MakeMyTripHomePage.java:13)
	at testspack.MakeMyTripHomePage.validatePageTitle(MakeMyTripHomePage.java:13)
	at testspack.MakeMyTripHomePage.validatePageTitle(MakeMyTripHomePage.java:13)
	at testspack.MakeMyTripHomePage.validatePageTitle(MakeMyTripHomePage.java:13)
	at testspack.MakeMyTripHomePage.validatePageTitle(MakeMyTripHomePage.java:13)
	at testspack.MakeMyTripHomePage.validatePageTitle(MakeMyTripHomePage.java:13)
	at testspack.MakeMyTripHomePage.validatePageTitle(MakeMyTripHomePage.java:13)
	at testspack.MakeMyTripHomePage.validatePageTitle(MakeMyTripHomePage.java:13)
	at testspack.MakeMyTripHomePage.validatePageTitle(MakeMyTripHomePage.java:13)
	at testspack.MakeMyTripHomePage.validatePageTitle(MakeMyTripHomePage.java:13)
	at testspack.MakeMyTripHomePage.validatePageTitle(MakeMyTripHomePage.java:13)
	at testspack.MakeMyTripHomePage.validatePageTitle(MakeMyTripHomePage.java:13)
	at testspack.MakeMyTripHomePage.validatePageTitle(MakeMyTripHomePage.java:13)
	at testspack.MakeMyTripHomePage.validatePageTitle(MakeMyTripHomePage.java:13)
	at testspack.MakeMyTripHomePage.validatePageTitle(MakeMyTripHomePage.java:13)
	at testspack.MakeMyTripHomePage.validatePageTitle(MakeMyTripHomePage.java:13)
	at testspack.MakeMyTripHomePage.validatePageTitle(MakeMyTripHomePage.java:13)
	at testspack.MakeMyTripHomePage.validatePageTitle(MakeMyTripHomePage.java:13)
	at testspack.MakeMyTripHomePage.validatePageTitle(MakeMyTripHomePage.java:13)
	at testspack.MakeMyTripHomePage.validatePageTitle(MakeMyTripHomePage.java:13)
	at testspack.MakeMyTripHomePage.validatePageTitle(MakeMyTripHomePage.java:13)
	at testspack.MakeMyTripHomePage.validatePageTitle(MakeMyTripHomePage.java:13)
	at testspack.MakeMyTripHomePage.validatePageTitle(MakeMyTripHomePage.java:13)
	at testspack.MakeMyTripHomePage.validatePageTitle(MakeMyTripHomePage.java:13)
	at testspack.MakeMyTripHomePage.validatePageTitle(MakeMyTripHomePage.java:13)
	at testspack.MakeMyTripHomePage.validatePageTitle(MakeMyTripHomePage.java:13)
	at testspack.MakeMyTripHomePage.validatePageTitle(MakeMyTripHomePage.java:13)
	at testspack.MakeMyTripHomePage.validatePageTitle(MakeMyTripHomePage.java:13)
	at testspack.MakeMyTripHomePage.validatePageTitle(MakeMyTripHomePage.java:13)
	at testspack.MakeMyTripHomePage.validatePageTitle(MakeMyTripHomePage.java:13)
	at testspack.MakeMyTripHomePage.validatePageTitle(MakeMyTripHomePage.java:13)
	at testspack.MakeMyTripHomePage.validatePageTitle(MakeMyTripHomePage.java:13)
	at testspack.MakeMyTripHomePage.validatePageTitle(MakeMyTripHomePage.java:13)
	at testspack.MakeMyTripHomePage.validatePageTitle(MakeMyTripHomePage.java:13)
	at testspack.MakeMyTripHomePage.validatePageTitle(MakeMyTripHomePage.java:13)
	at testspack.MakeMyTripHomePage.validatePageTitle(MakeMyTripHomePage.java:13)
	at testspack.MakeMyTripHomePage.validatePageTitle(MakeMyTripHomePage.java:13)
	at testspack.MakeMyTripHomePage.validatePageTitle(MakeMyTripHomePage.java:13)
	at testspack.MakeMyTripHomePage.validatePageTitle(MakeMyTripHomePage.java:13)
	at testspack.MakeMyTripHomePage.validatePageTitle(MakeMyTripHomePage.java:13)
	at testspack.MakeMyTripHomePage.validatePageTitle(MakeMyTripHomePage.java:13)
	at testspack.MakeMyTripHomePage.validatePageTitle(MakeMyTripHomePage.java:13)
	at testspack.MakeMyTripHomePage.validatePageTitle(MakeMyTripHomePage.java:13)
	at testspack.MakeMyTripHomePage.validatePageTitle(MakeMyTripHomePage.java:13)
	at testspack.MakeMyTripHomePage.validatePageTitle(MakeMyTripHomePage.java:13)
	at testspack.MakeMyTripHomePage.validatePageTitle(MakeMyTripHomePage.java:13)
	at testspack.MakeMyTripHomePage.validatePageTitle(MakeMyTripHomePage.java:13)
	at testspack.MakeMyTripHomePage.validatePageTitle(MakeMyTripHomePage.java:13)
	at testspack.MakeMyTripHomePage.validatePageTitle(MakeMyTripHomePage.java:13)
	at testspack.MakeMyTripHomePage.validatePageTitle(MakeMyTripHomePage.java:13)
	at testspack.MakeMyTripHomePage.validatePageTitle(MakeMyTripHomePage.java:13)
	at testspack.MakeMyTripHomePage.validatePageTitle(MakeMyTripHomePage.java:13)
	at testspack.MakeMyTripHomePage.validatePageTitle(MakeMyTripHomePage.java:13)
	at testspack.MakeMyTripHomePage.validatePageTitle(MakeMyTripHomePage.java:13)
	at testspack.MakeMyTripHomePage.validatePageTitle(MakeMyTripHomePage.java:13)
	at testspack.MakeMyTripHomePage.validatePageTitle(MakeMyTripHomePage.java:13)
	at testspack.MakeMyTripHomePage.validatePageTitle(MakeMyTripHomePage.java:13)
	at testspack.MakeMyTripHomePage.validatePageTitle(MakeMyTripHomePage.java:13)
	at testspack.MakeMyTripHomePage.validatePageTitle(MakeMyTripHomePage.java:13)
	at testspack.MakeMyTripHomePage.validatePageTitle(MakeMyTripHomePage.java:13)
	at testspack.MakeMyTripHomePage.validatePageTitle(MakeMyTripHomePage.java:13)
	at testspack.MakeMyTripHomePage.validatePageTitle(MakeMyTripHomePage.java:13)
	at testspack.MakeMyTripHomePage.validatePageTitle(MakeMyTripHomePage.java:13)
	at testspack.MakeMyTripHomePage.validatePageTitle(MakeMyTripHomePage.java:13)
	at testspack.MakeMyTripHomePage.validatePageTitle(MakeMyTripHomePage.java:13)
	at testspack.MakeMyTripHomePage.validatePageTitle(MakeMyTripHomePage.java:13)
	at testspack.MakeMyTripHomePage.validatePageTitle(MakeMyTripHomePage.java:13)
	at testspack.MakeMyTripHomePage.validatePageTitle(MakeMyTripHomePage.java:13)
	at testspack.MakeMyTripHomePage.validatePageTitle(MakeMyTripHomePage.java:13)
	at testspack.MakeMyTripHomePage.validatePageTitle(MakeMyTripHomePage.java:13)
	at testspack.MakeMyTripHomePage.validatePageTitle(MakeMyTripHomePage.java:13)
	at testspack.MakeMyTripHomePage.validatePageTitle(MakeMyTripHomePage.java:13)
	at testspack.MakeMyTripHomePage.validatePageTitle(MakeMyTripHomePage.java:13)
	at testspack.MakeMyTripHomePage.validatePageTitle(MakeMyTripHomePage.java:13)
	at testspack.MakeMyTripHomePage.validatePageTitle(MakeMyTripHomePage.java:13)
	at testspack.MakeMyTripHomePage.validatePageTitle(MakeMyTripHomePage.java:13)
	at testspack.MakeMyTripHomePage.validatePageTitle(MakeMyTripHomePage.java:13)
	at testspack.MakeMyTripHomePage.validatePageTitle(MakeMyTripHomePage.java:13)
	at testspack.MakeMyTripHomePage.validatePageTitle(MakeMyTripHomePage.java:13)
	at testspack.MakeMyTripHomePage.validatePageTitle(MakeMyTripHomePage.java:13)
	at testspack.MakeMyTripHomePage.validatePageTitle(MakeMyTripHomePage.java:13)
	at testspack.MakeMyTripHomePage.validatePageTitle(MakeMyTripHomePage.java:13)
	at testspack.MakeMyTripHomePage.validatePageTitle(MakeMyTripHomePage.java:13)
	at testspack.MakeMyTripHomePage.validatePageTitle(MakeMyTripHomePage.java:13)
	at testspack.MakeMyTripHomePage.validatePageTitle(MakeMyTripHomePage.java:13)
	at testspack.MakeMyTripHomePage.validatePageTitle(MakeMyTripHomePage.java:13)
	at testspack.MakeMyTripHomePage.validatePageTitle(MakeMyTripHomePage.java:13)
	at testspack.MakeMyTripHomePage.validatePageTitle(MakeMyTripHomePage.java:13)
	at testspack.MakeMyTripHomePage.validatePageTitle(MakeMyTripHomePage.java:13)
	at testspack.MakeMyTripHomePage.validatePageTitle(MakeMyTripHomePage.java:13)
	at testspack.MakeMyTripHomePage.validatePageTitle(MakeMyTripHomePage.java:13)
	at testspack.MakeMyTripHomePage.validatePageTitle(MakeMyTripHomePage.java:13)
	at testspack.MakeMyTripHomePage.validatePageTitle(MakeMyTripHomePage.java:13)
	at testspack.MakeMyTripHomePage.validatePageTitle(MakeMyTripHomePage.java:13)
	at testspack.MakeMyTripHomePage.validatePageTitle(MakeMyTripHomePage.java:13)
	at testspack.MakeMyTripHomePage.validatePageTitle(MakeMyTripHomePage.java:13)
	at testspack.MakeMyTripHomePage.validatePageTitle(MakeMyTripHomePage.java:13)
	at testspack.MakeMyTripHomePage.validatePageTitle(MakeMyTripHomePage.java:13)
	at testspack.MakeMyTripHomePage.validatePageTitle(MakeMyTripHomePage.java:13)
	at testspack.MakeMyTripHomePage.validatePageTitle(MakeMyTripHomePage.java:13)
	at testspack.MakeMyTripHomePage.validatePageTitle(MakeMyTripHomePage.java:13)
	at testspack.MakeMyTripHomePage.validatePageTitle(MakeMyTripHomePage.java:13)
	at testspack.MakeMyTripHomePage.validatePageTitle(MakeMyTripHomePage.java:13)
	at testspack.MakeMyTripHomePage.validatePageTitle(MakeMyTripHomePage.java:13)
	at testspack.MakeMyTripHomePage.validatePageTitle(MakeMyTripHomePage.java:13)
	at testspack.MakeMyTripHomePage.validatePageTitle(MakeMyTripHomePage.java:13)
	at testspack.MakeMyTripHomePage.validatePageTitle(MakeMyTripHomePage.java:13)
	at testspack.MakeMyTripHomePage.validatePageTitle(MakeMyTripHomePage.java:13)
	at testspack.MakeMyTripHomePage.validatePageTitle(MakeMyTripHomePage.java:13)
	at testspack.MakeMyTripHomePage.validatePageTitle(MakeMyTripHomePage.java:13)
	at testspack.MakeMyTripHomePage.validatePageTitle(MakeMyTripHomePage.java:13)
	at testspack.MakeMyTripHomePage.validatePageTitle(MakeMyTripHomePage.java:13)
	at testspack.MakeMyTripHomePage.validatePageTitle(MakeMyTripHomePage.java:13)
	at testspack.MakeMyTripHomePage.validatePageTitle(MakeMyTripHomePage.java:13)
	at testspack.MakeMyTripHomePage.validatePageTitle(MakeMyTripHomePage.java:13)
	at testspack.MakeMyTripHomePage.validatePageTitle(MakeMyTripHomePage.java:13)
	at testspack.MakeMyTripHomePage.validatePageTitle(MakeMyTripHomePage.java:13)
	at testspack.MakeMyTripHomePage.validatePageTitle(MakeMyTripHomePage.java:13)
	at testspack.MakeMyTripHomePage.validatePageTitle(MakeMyTripHomePage.java:13)
	at testspack.MakeMyTripHomePage.validatePageTitle(MakeMyTripHomePage.java:13)
	at testspack.MakeMyTripHomePage.validatePageTitle(MakeMyTripHomePage.java:13)
	at testspack.MakeMyTripHomePage.validatePageTitle(MakeMyTripHomePage.java:13)
	at testspack.MakeMyTripHomePage.validatePageTitle(MakeMyTripHomePage.java:13)
	at testspack.MakeMyTripHomePage.validatePageTitle(MakeMyTripHomePage.java:13)
	at testspack.MakeMyTripHomePage.validatePageTitle(MakeMyTripHomePage.java:13)
	at testspack.MakeMyTripHomePage.validatePageTitle(MakeMyTripHomePage.java:13)
	at testspack.MakeMyTripHomePage.validatePageTitle(MakeMyTripHomePage.java:13)
	at testspack.MakeMyTripHomePage.validatePageTitle(MakeMyTripHomePage.java:13)
	at testspack.MakeMyTripHomePage.validatePageTitle(MakeMyTripHomePage.java:13)
	at testspack.MakeMyTripHomePage.validatePageTitle(MakeMyTripHomePage.java:13)
	at testspack.MakeMyTripHomePage.validatePageTitle(MakeMyTripHomePage.java:13)
	at testspack.MakeMyTripHomePage.validatePageTitle(MakeMyTripHomePage.java:13)
	at testspack.MakeMyTripHomePage.validatePageTitle(MakeMyTripHomePage.java:13)
	at testspack.MakeMyTripHomePage.validatePageTitle(MakeMyTripHomePage.java:13)
	at testspack.MakeMyTripHomePage.validatePageTitle(MakeMyTripHomePage.java:13)
	at testspack.MakeMyTripHomePage.validatePageTitle(MakeMyTripHomePage.java:13)
	at testspack.MakeMyTripHomePage.validatePageTitle(MakeMyTripHomePage.java:13)
	at testspack.MakeMyTripHomePage.validatePageTitle(MakeMyTripHomePage.java:13)
	at testspack.MakeMyTripHomePage.validatePageTitle(MakeMyTripHomePage.java:13)
	at testspack.MakeMyTripHomePage.validatePageTitle(MakeMyTripHomePage.java:13)
	at testspack.MakeMyTripHomePage.validatePageTitle(MakeMyTripHomePage.java:13)
	at testspack.MakeMyTripHomePage.validatePageTitle(MakeMyTripHomePage.java:13)
	at testspack.MakeMyTripHomePage.validatePageTitle(MakeMyTripHomePage.java:13)
	at testspack.MakeMyTripHomePage.validatePageTitle(MakeMyTripHomePage.java:13)
	at testspack.MakeMyTripHomePage.validatePageTitle(MakeMyTripHomePage.java:13)
	at testspack.MakeMyTripHomePage.validatePageTitle(MakeMyTripHomePage.java:13)
	at testspack.MakeMyTripHomePage.validatePageTitle(MakeMyTripHomePage.java:13)
	at testspack.MakeMyTripHomePage.validatePageTitle(MakeMyTripHomePage.java:13)
	at testspack.MakeMyTripHomePage.validatePageTitle(MakeMyTripHomePage.java:13)
	at testspack.MakeMyTripHomePage.validatePageTitle(MakeMyTripHomePage.java:13)
	at testspack.MakeMyTripHomePage.validatePageTitle(MakeMyTripHomePage.java:13)
	at testspack.MakeMyTripHomePage.validatePageTitle(MakeMyTripHomePage.java:13)
	at testspack.MakeMyTripHomePage.validatePageTitle(MakeMyTripHomePage.java:13)
	at testspack.MakeMyTripHomePage.validatePageTitle(MakeMyTripHomePage.java:13)
	at testspack.MakeMyTripHomePage.validatePageTitle(MakeMyTripHomePage.java:13)
	at testspack.MakeMyTripHomePage.validatePageTitle(MakeMyTripHomePage.java:13)
	at testspack.MakeMyTripHomePage.validatePageTitle(MakeMyTripHomePage.java:13)
	at testspack.MakeMyTripHomePage.validatePageTitle(MakeMyTripHomePage.java:13)
	at testspack.MakeMyTripHomePage.validatePageTitle(MakeMyTripHomePage.java:13)
	at testspack.MakeMyTripHomePage.validatePageTitle(MakeMyTripHomePage.java:13)
	at testspack.MakeMyTripHomePage.validatePageTitle(MakeMyTripHomePage.java:13)
	at testspack.MakeMyTripHomePage.validatePageTitle(MakeMyTripHomePage.java:13)
	at testspack.MakeMyTripHomePage.validatePageTitle(MakeMyTripHomePage.java:13)
	at testspack.MakeMyTripHomePage.validatePageTitle(MakeMyTripHomePage.java:13)
	at testspack.MakeMyTripHomePage.validatePageTitle(MakeMyTripHomePage.java:13)
	at testspack.MakeMyTripHomePage.validatePageTitle(MakeMyTripHomePage.java:13)
	at testspack.MakeMyTripHomePage.validatePageTitle(MakeMyTripHomePage.java:13)
	at testspack.MakeMyTripHomePage.validatePageTitle(MakeMyTripHomePage.java:13)
	at testspack.MakeMyTripHomePage.validatePageTitle(MakeMyTripHomePage.java:13)
	at testspack.MakeMyTripHomePage.validatePageTitle(MakeMyTripHomePage.java:13)
	at testspack.MakeMyTripHomePage.validatePageTitle(MakeMyTripHomePage.java:13)
	at testspack.MakeMyTripHomePage.validatePageTitle(MakeMyTripHomePage.java:13)
	at testspack.MakeMyTripHomePage.validatePageTitle(MakeMyTripHomePage.java:13)
	at testspack.MakeMyTripHomePage.validatePageTitle(MakeMyTripHomePage.java:13)
	at testspack.MakeMyTripHomePage.validatePageTitle(MakeMyTripHomePage.java:13)
	at testspack.MakeMyTripHomePage.validatePageTitle(MakeMyTripHomePage.java:13)
	at testspack.MakeMyTripHomePage.validatePageTitle(MakeMyTripHomePage.java:13)
	at testspack.MakeMyTripHomePage.validatePageTitle(MakeMyTripHomePage.java:13)
	at testspack.MakeMyTripHomePage.validatePageTitle(MakeMyTripHomePage.java:13)
	at testspack.MakeMyTripHomePage.validatePageTitle(MakeMyTripHomePage.java:13)
	at testspack.MakeMyTripHomePage.validatePageTitle(MakeMyTripHomePage.java:13)
	at testspack.MakeMyTripHomePage.validatePageTitle(MakeMyTripHomePage.java:13)
	at testspack.MakeMyTripHomePage.validatePageTitle(MakeMyTripHomePage.java:13)
	at testspack.MakeMyTripHomePage.validatePageTitle(MakeMyTripHomePage.java:13)
]]>
    </failure>
  </testcase> <!-- validatePageTitle -->
</testsuite> <!-- testspack.MakeMyTripHomePage -->
