<?xml version="1.0" encoding="UTF-8"?>
<!-- Generated by org.testng.reporters.JUnitReportReporter -->
<testsuite hostname="Vijaya" failures="0" tests="1" name="testspack.MakeMyTripHomePageTest" time="30.042" errors="0" timestamp="25 Apr 2019 18:57:04 GMT">
  <testcase classname="testspack.MakeMyTripHomePageTest" name="citiesselection" time="30.042"/>
</testsuite> <!-- testspack.MakeMyTripHomePageTest -->
