<?xml version="1.0" encoding="UTF-8"?>
<!-- Generated by org.testng.reporters.JUnitReportReporter -->
<testsuite hostname="Vijaya" failures="0" tests="1" name="testspack.BaseTest" time="14.703" errors="0" timestamp="23 Apr 2019 00:48:51 GMT">
  <testcase classname="testspack.BaseTest" name="f" time="14.703"/>
</testsuite> <!-- testspack.BaseTest -->
